#
# There is insufficient memory for the Java Runtime Environment to continue.
# Native memory allocation (malloc) failed to allocate 1771280 bytes for Chunk::new
# Possible reasons:
#   The system is out of physical RAM or swap space
#   The process is running with CompressedOops enabled, and the Java Heap may be blocking the growth of the native heap
# Possible solutions:
#   Reduce memory load on the system
#   Increase physical memory or swap space
#   Check if swap backing store is full
#   Decrease Java heap size (-Xmx/-Xms)
#   Decrease number of Java threads
#   Decrease Java thread stack sizes (-Xss)
#   Set larger code cache with -XX:ReservedCodeCacheSize=
#   JVM is running with Unscaled Compressed Oops mode in which the Java heap is
#     placed in the first 4GB address space. The Java Heap base address is the
#     maximum limit for the native heap growth. Please use -XX:HeapBaseMinAddress
#     to set the Java Heap base and to place the Java Heap above 4GB virtual address.
# This output file may be truncated or incomplete.
#
#  Out of Memory Error (arena.cpp:191), pid=1628, tid=27536
#
# JRE version: OpenJDK Runtime Environment (17.0.9) (build 17.0.9+0--11185874)
# Java VM: OpenJDK 64-Bit Server VM (17.0.9+0--11185874, mixed mode, tiered, compressed oops, compressed class ptrs, g1 gc, windows-amd64)
# No core dump will be written. Minidumps are not enabled by default on client versions of Windows
#

---------------  S U M M A R Y ------------

Command Line: --add-opens=java.base/java.util=ALL-UNNAMED --add-opens=java.base/java.lang=ALL-UNNAMED --add-opens=java.base/java.lang.invoke=ALL-UNNAMED --add-opens=java.prefs/java.util.prefs=ALL-UNNAMED --add-opens=java.base/java.nio.charset=ALL-UNNAMED --add-opens=java.base/java.net=ALL-UNNAMED --add-opens=java.base/java.util.concurrent.atomic=ALL-UNNAMED -Xmx2048m -Dfile.encoding=UTF-8 -Duser.country=US -Duser.language=en -Duser.variant -javaagent:C:\Users\User\.gradle\wrapper\dists\gradle-8.4-bin\1w5dpkrfk8irigvoxmyhowfim\gradle-8.4\lib\agents\gradle-instrumentation-agent-8.4.jar org.gradle.launcher.daemon.bootstrap.GradleDaemon 8.4

Host: 11th Gen Intel(R) Core(TM) i7-1165G7 @ 2.80GHz, 8 cores, 15G,  Windows 11 , 64 bit Build 22621 (10.0.22621.4435)
Time: Sat Nov  2 10:01:57 2024 SE Asia Standard Time elapsed time: 6.018507 seconds (0d 0h 0m 6s)

---------------  T H R E A D  ---------------

Current thread (0x0000022f40921ed0):  JavaThread "C2 CompilerThread0" daemon [_thread_in_native, id=27536, stack(0x0000004c8d900000,0x0000004c8da00000)]


Current CompileTask:
C2:   6018 3553   !   4       java.net.URLClassLoader::findClass (47 bytes)

Stack: [0x0000004c8d900000,0x0000004c8da00000]
Native frames: (J=compiled Java code, j=interpreted, Vv=VM code, C=native code)
V  [jvm.dll+0x6886e9]
V  [jvm.dll+0x841e4a]
V  [jvm.dll+0x843a8e]
V  [jvm.dll+0x8440f3]
V  [jvm.dll+0x24c14f]
V  [jvm.dll+0xac44c]
V  [jvm.dll+0xaca9c]
V  [jvm.dll+0x36c1f7]
V  [jvm.dll+0x1be6a2]
V  [jvm.dll+0x21df09]
V  [jvm.dll+0x21d1d1]
V  [jvm.dll+0x1a674d]
V  [jvm.dll+0x22d088]
V  [jvm.dll+0x22b1c0]
V  [jvm.dll+0x7f62f7]
V  [jvm.dll+0x7f06aa]
V  [jvm.dll+0x687565]
C  [ucrtbase.dll+0x29333]
C  [KERNEL32.DLL+0x1259d]
C  [ntdll.dll+0x5af38]


---------------  P R O C E S S  ---------------

Threads class SMR info:
_java_thread_list=0x0000022f47e0ca90, length=35, elements={
0x0000022f268c26b0, 0x0000022f408d4040, 0x0000022f408d5480, 0x0000022f409178e0,
0x0000022f409181b0, 0x0000022f4091b230, 0x0000022f40920760, 0x0000022f40921ed0,
0x0000022f409259f0, 0x0000022f40937630, 0x0000022f40a2da80, 0x0000022f40bd1ec0,
0x0000022f47792620, 0x0000022f47c56430, 0x0000022f477de020, 0x0000022f466a3980,
0x0000022f47c08db0, 0x0000022f4617eb20, 0x0000022f4646b610, 0x0000022f4689d5e0,
0x0000022f4689c1a0, 0x0000022f4689ad60, 0x0000022f4689cbc0, 0x0000022f46899e30,
0x0000022f4689b780, 0x0000022f4689a340, 0x0000022f4689a850, 0x0000022f4689d0d0,
0x0000022f4689bc90, 0x0000022f4689b270, 0x0000022f47211b10, 0x0000022f47213460,
0x0000022f47210be0, 0x0000022f47283100, 0x0000022f4720f7a0
}

Java Threads: ( => current thread )
  0x0000022f268c26b0 JavaThread "main" [_thread_blocked, id=4768, stack(0x0000004c8cc00000,0x0000004c8cd00000)]
  0x0000022f408d4040 JavaThread "Reference Handler" daemon [_thread_blocked, id=24368, stack(0x0000004c8d300000,0x0000004c8d400000)]
  0x0000022f408d5480 JavaThread "Finalizer" daemon [_thread_blocked, id=23892, stack(0x0000004c8d400000,0x0000004c8d500000)]
  0x0000022f409178e0 JavaThread "Signal Dispatcher" daemon [_thread_blocked, id=1800, stack(0x0000004c8d500000,0x0000004c8d600000)]
  0x0000022f409181b0 JavaThread "Attach Listener" daemon [_thread_blocked, id=23192, stack(0x0000004c8d600000,0x0000004c8d700000)]
  0x0000022f4091b230 JavaThread "Service Thread" daemon [_thread_blocked, id=18080, stack(0x0000004c8d700000,0x0000004c8d800000)]
  0x0000022f40920760 JavaThread "Monitor Deflation Thread" daemon [_thread_blocked, id=20204, stack(0x0000004c8d800000,0x0000004c8d900000)]
=>0x0000022f40921ed0 JavaThread "C2 CompilerThread0" daemon [_thread_in_native, id=27536, stack(0x0000004c8d900000,0x0000004c8da00000)]
  0x0000022f409259f0 JavaThread "C1 CompilerThread0" daemon [_thread_blocked, id=30084, stack(0x0000004c8da00000,0x0000004c8db00000)]
  0x0000022f40937630 JavaThread "Sweeper thread" daemon [_thread_blocked, id=23980, stack(0x0000004c8db00000,0x0000004c8dc00000)]
  0x0000022f40a2da80 JavaThread "Common-Cleaner" daemon [_thread_blocked, id=28112, stack(0x0000004c8dc00000,0x0000004c8dd00000)]
  0x0000022f40bd1ec0 JavaThread "Notification Thread" daemon [_thread_blocked, id=7660, stack(0x0000004c8dd00000,0x0000004c8de00000)]
  0x0000022f47792620 JavaThread "Daemon health stats" [_thread_blocked, id=7224, stack(0x0000004c8e500000,0x0000004c8e600000)]
  0x0000022f47c56430 JavaThread "Incoming local TCP Connector on port 57054" [_thread_in_native, id=31000, stack(0x0000004c8e600000,0x0000004c8e700000)]
  0x0000022f477de020 JavaThread "Daemon periodic checks" [_thread_blocked, id=29392, stack(0x0000004c8e700000,0x0000004c8e800000)]
  0x0000022f466a3980 JavaThread "Daemon" [_thread_blocked, id=14608, stack(0x0000004c8e800000,0x0000004c8e900000)]
  0x0000022f47c08db0 JavaThread "Handler for socket connection from /127.0.0.1:57054 to /127.0.0.1:57055" [_thread_in_native, id=25980, stack(0x0000004c8e900000,0x0000004c8ea00000)]
  0x0000022f4617eb20 JavaThread "Cancel handler" [_thread_blocked, id=20184, stack(0x0000004c8ea00000,0x0000004c8eb00000)]
  0x0000022f4646b610 JavaThread "Daemon worker" [_thread_in_Java, id=29792, stack(0x0000004c8eb00000,0x0000004c8ec00000)]
  0x0000022f4689d5e0 JavaThread "Asynchronous log dispatcher for DefaultDaemonConnection: socket connection from /127.0.0.1:57054 to /127.0.0.1:57055" [_thread_blocked, id=3464, stack(0x0000004c8ec00000,0x0000004c8ed00000)]
  0x0000022f4689c1a0 JavaThread "Stdin handler" [_thread_blocked, id=31736, stack(0x0000004c8ed00000,0x0000004c8ee00000)]
  0x0000022f4689ad60 JavaThread "Daemon client event forwarder" [_thread_blocked, id=18284, stack(0x0000004c8ee00000,0x0000004c8ef00000)]
  0x0000022f4689cbc0 JavaThread "Cache worker for journal cache (C:\Users\User\.gradle\caches\journal-1)" [_thread_blocked, id=4372, stack(0x0000004c8df00000,0x0000004c8e000000)]
  0x0000022f46899e30 JavaThread "File lock request listener" [_thread_in_native, id=27012, stack(0x0000004c8f200000,0x0000004c8f300000)]
  0x0000022f4689b780 JavaThread "Cache worker for file hash cache (C:\Users\User\.gradle\caches\8.4\fileHashes)" [_thread_blocked, id=2452, stack(0x0000004c8f400000,0x0000004c8f500000)]
  0x0000022f4689a340 JavaThread "File watcher server" daemon [_thread_in_native, id=19104, stack(0x0000004c8f500000,0x0000004c8f600000)]
  0x0000022f4689a850 JavaThread "File watcher consumer" daemon [_thread_blocked, id=31016, stack(0x0000004c8f600000,0x0000004c8f700000)]
  0x0000022f4689d0d0 JavaThread "Cache worker for checksums cache (D:\skripsi\Frontend-SRLQS\.gradle\8.4\checksums)" [_thread_blocked, id=6792, stack(0x0000004c8f700000,0x0000004c8f800000)]
  0x0000022f4689bc90 JavaThread "Cache worker for file hash cache (D:\skripsi\Frontend-SRLQS\.gradle\8.4\fileHashes)" [_thread_blocked, id=18204, stack(0x0000004c8f800000,0x0000004c8f900000)]
  0x0000022f4689b270 JavaThread "Cache worker for cache directory md-supplier (C:\Users\User\.gradle\caches\8.4\md-supplier)" [_thread_blocked, id=24928, stack(0x0000004c8f900000,0x0000004c8fa00000)]
  0x0000022f47211b10 JavaThread "Cache worker for file content cache (C:\Users\User\.gradle\caches\8.4\fileContent)" [_thread_blocked, id=8116, stack(0x0000004c8fa00000,0x0000004c8fb00000)]
  0x0000022f47213460 JavaThread "Cache worker for cache directory md-rule (C:\Users\User\.gradle\caches\8.4\md-rule)" [_thread_blocked, id=29252, stack(0x0000004c8f300000,0x0000004c8f400000)]
  0x0000022f47210be0 JavaThread "Cache worker for execution history cache (C:\Users\User\.gradle\caches\8.4\executionHistory)" [_thread_blocked, id=17364, stack(0x0000004c8fb00000,0x0000004c8fc00000)]
  0x0000022f47283100 JavaThread "C2 CompilerThread1" daemon [_thread_in_native, id=17120, stack(0x0000004c8fd00000,0x0000004c8fe00000)]
  0x0000022f4720f7a0 JavaThread "Cache worker for kotlin-dsl (C:\Users\User\.gradle\caches\8.4\kotlin-dsl)" [_thread_blocked, id=19780, stack(0x0000004c8fe00000,0x0000004c8ff00000)]

Other Threads:
  0x0000022f4087b580 VMThread "VM Thread" [stack: 0x0000004c8d200000,0x0000004c8d300000] [id=3172]
  0x0000022f40c66b80 WatcherThread [stack: 0x0000004c8de00000,0x0000004c8df00000] [id=26576]
  0x0000022f2691d230 GCTaskThread "GC Thread#0" [stack: 0x0000004c8cd00000,0x0000004c8ce00000] [id=24164]
  0x0000022f45a16f40 GCTaskThread "GC Thread#1" [stack: 0x0000004c8e000000,0x0000004c8e100000] [id=6148]
  0x0000022f459a6fe0 GCTaskThread "GC Thread#2" [stack: 0x0000004c8e100000,0x0000004c8e200000] [id=10428]
  0x0000022f45bec050 GCTaskThread "GC Thread#3" [stack: 0x0000004c8e200000,0x0000004c8e300000] [id=30304]
  0x0000022f45bec720 GCTaskThread "GC Thread#4" [stack: 0x0000004c8e300000,0x0000004c8e400000] [id=16556]
  0x0000022f45d36100 GCTaskThread "GC Thread#5" [stack: 0x0000004c8e400000,0x0000004c8e500000] [id=13136]
  0x0000022f46d79100 GCTaskThread "GC Thread#6" [stack: 0x0000004c8ef00000,0x0000004c8f000000] [id=20492]
  0x0000022f47c09290 GCTaskThread "GC Thread#7" [stack: 0x0000004c8f000000,0x0000004c8f100000] [id=4276]
  0x0000022f2692e180 ConcurrentGCThread "G1 Main Marker" [stack: 0x0000004c8ce00000,0x0000004c8cf00000] [id=23524]
  0x0000022f2692f710 ConcurrentGCThread "G1 Conc#0" [stack: 0x0000004c8cf00000,0x0000004c8d000000] [id=21160]
  0x0000022f46792390 ConcurrentGCThread "G1 Conc#1" [stack: 0x0000004c8f100000,0x0000004c8f200000] [id=29820]
  0x0000022f405ed640 ConcurrentGCThread "G1 Refine#0" [stack: 0x0000004c8d000000,0x0000004c8d100000] [id=22384]
  0x0000022f480fe780 ConcurrentGCThread "G1 Refine#1" [stack: 0x0000004c8fc00000,0x0000004c8fd00000] [id=2972]
  0x0000022f405ede80 ConcurrentGCThread "G1 Service" [stack: 0x0000004c8d100000,0x0000004c8d200000] [id=23176]

Threads with active compile tasks:
C2 CompilerThread0     6055 3553   !   4       java.net.URLClassLoader::findClass (47 bytes)
C2 CompilerThread1     6055 3696       4       java.lang.String$CaseInsensitiveComparator::compare (68 bytes)

VM state: not at safepoint (normal execution)

VM Mutex/Monitor currently owned by a thread: None

Heap address: 0x0000000080000000, size: 2048 MB, Compressed Oops mode: 32-bit

CDS archive(s) not mapped
Compressed class space mapped at: 0x0000000100000000-0x0000000140000000, reserved size: 1073741824
Narrow klass base: 0x0000000000000000, Narrow klass shift: 3, Narrow klass range: 0x140000000

GC Precious Log:
 CPUs: 8 total, 8 available
 Memory: 16167M
 Large Page Support: Disabled
 NUMA Support: Disabled
 Compressed Oops: Enabled (32-bit)
 Heap Region Size: 1M
 Heap Min Capacity: 8M
 Heap Initial Capacity: 254M
 Heap Max Capacity: 2G
 Pre-touch: Disabled
 Parallel Workers: 8
 Concurrent Workers: 2
 Concurrent Refinement Workers: 8
 Periodic GC: Disabled

Heap:
 garbage-first heap   total 71680K, used 29165K [0x0000000080000000, 0x0000000100000000)
  region size 1024K, 3 young (3072K), 2 survivors (2048K)
 Metaspace       used 42156K, committed 42496K, reserved 1114112K
  class space    used 5593K, committed 5760K, reserved 1048576K

Heap Regions: E=young(eden), S=young(survivor), O=old, HS=humongous(starts), HC=humongous(continues), CS=collection set, F=free, OA=open archive, CA=closed archive, TAMS=top-at-mark-start (previous, next)
|   0|0x0000000080000000, 0x0000000080100000, 0x0000000080100000|100%|HS|  |TAMS 0x0000000080100000, 0x0000000080000000| Complete 
|   1|0x0000000080100000, 0x0000000080200000, 0x0000000080200000|100%|HC|  |TAMS 0x0000000080200000, 0x0000000080100000| Complete 
|   2|0x0000000080200000, 0x0000000080300000, 0x0000000080300000|100%|HC|  |TAMS 0x0000000080300000, 0x0000000080200000| Complete 
|   3|0x0000000080300000, 0x0000000080400000, 0x0000000080400000|100%|HC|  |TAMS 0x0000000080400000, 0x0000000080300000| Complete 
|   4|0x0000000080400000, 0x0000000080500000, 0x0000000080500000|100%| O|  |TAMS 0x0000000080500000, 0x0000000080400000| Untracked 
|   5|0x0000000080500000, 0x0000000080600000, 0x0000000080600000|100%| O|  |TAMS 0x0000000080600000, 0x0000000080500000| Untracked 
|   6|0x0000000080600000, 0x0000000080700000, 0x0000000080700000|100%| O|  |TAMS 0x0000000080700000, 0x0000000080600000| Untracked 
|   7|0x0000000080700000, 0x0000000080800000, 0x0000000080800000|100%| O|  |TAMS 0x0000000080800000, 0x0000000080700000| Untracked 
|   8|0x0000000080800000, 0x0000000080900000, 0x0000000080900000|100%| O|  |TAMS 0x0000000080900000, 0x0000000080800000| Untracked 
|   9|0x0000000080900000, 0x0000000080a00000, 0x0000000080a00000|100%| O|  |TAMS 0x0000000080a00000, 0x0000000080900000| Untracked 
|  10|0x0000000080a00000, 0x0000000080b00000, 0x0000000080b00000|100%| O|  |TAMS 0x0000000080b00000, 0x0000000080a00000| Untracked 
|  11|0x0000000080b00000, 0x0000000080b9a000, 0x0000000080c00000| 60%| O|  |TAMS 0x0000000080b9a000, 0x0000000080b00000| Untracked 
|  12|0x0000000080c00000, 0x0000000080d00000, 0x0000000080d00000|100%| O|  |TAMS 0x0000000080d00000, 0x0000000080c00000| Untracked 
|  13|0x0000000080d00000, 0x0000000080e00000, 0x0000000080e00000|100%| O|  |TAMS 0x0000000080e00000, 0x0000000080d00000| Untracked 
|  14|0x0000000080e00000, 0x0000000080f00000, 0x0000000080f00000|100%| O|  |TAMS 0x0000000080f00000, 0x0000000080e00000| Untracked 
|  15|0x0000000080f00000, 0x0000000081000000, 0x0000000081000000|100%| O|  |TAMS 0x0000000081000000, 0x0000000080f00000| Untracked 
|  16|0x0000000081000000, 0x0000000081100000, 0x0000000081100000|100%| O|  |TAMS 0x0000000081100000, 0x0000000081000000| Untracked 
|  17|0x0000000081100000, 0x0000000081200000, 0x0000000081200000|100%| O|  |TAMS 0x0000000081200000, 0x0000000081100000| Untracked 
|  18|0x0000000081200000, 0x0000000081300000, 0x0000000081300000|100%| O|  |TAMS 0x0000000081300000, 0x0000000081200000| Untracked 
|  19|0x0000000081300000, 0x0000000081400000, 0x0000000081400000|100%| O|  |TAMS 0x0000000081400000, 0x0000000081300000| Untracked 
|  20|0x0000000081400000, 0x0000000081500000, 0x0000000081500000|100%| O|  |TAMS 0x00000000814bf200, 0x0000000081400000| Untracked 
|  21|0x0000000081500000, 0x0000000081600000, 0x0000000081600000|100%| O|  |TAMS 0x0000000081500000, 0x0000000081500000| Untracked 
|  22|0x0000000081600000, 0x0000000081700000, 0x0000000081700000|100%| O|  |TAMS 0x0000000081600000, 0x0000000081600000| Untracked 
|  23|0x0000000081700000, 0x0000000081800000, 0x0000000081800000|100%| O|  |TAMS 0x0000000081700000, 0x0000000081700000| Untracked 
|  24|0x0000000081800000, 0x0000000081900000, 0x0000000081900000|100%| O|  |TAMS 0x0000000081800000, 0x0000000081800000| Untracked 
|  25|0x0000000081900000, 0x0000000081a00000, 0x0000000081a00000|100%| O|  |TAMS 0x0000000081900000, 0x0000000081900000| Untracked 
|  26|0x0000000081a00000, 0x0000000081b00000, 0x0000000081b00000|100%| O|  |TAMS 0x0000000081a00000, 0x0000000081a00000| Untracked 
|  27|0x0000000081b00000, 0x0000000081b5a600, 0x0000000081c00000| 35%| O|  |TAMS 0x0000000081b00000, 0x0000000081b00000| Untracked 
|  28|0x0000000081c00000, 0x0000000081c00000, 0x0000000081d00000|  0%| F|  |TAMS 0x0000000081c00000, 0x0000000081c00000| Untracked 
|  29|0x0000000081d00000, 0x0000000081d00000, 0x0000000081e00000|  0%| F|  |TAMS 0x0000000081d00000, 0x0000000081d00000| Untracked 
|  30|0x0000000081e00000, 0x0000000081e00000, 0x0000000081f00000|  0%| F|  |TAMS 0x0000000081e00000, 0x0000000081e00000| Untracked 
|  31|0x0000000081f00000, 0x0000000081f00000, 0x0000000082000000|  0%| F|  |TAMS 0x0000000081f00000, 0x0000000081f00000| Untracked 
|  32|0x0000000082000000, 0x0000000082000000, 0x0000000082100000|  0%| F|  |TAMS 0x0000000082000000, 0x0000000082000000| Untracked 
|  33|0x0000000082100000, 0x0000000082100000, 0x0000000082200000|  0%| F|  |TAMS 0x0000000082100000, 0x0000000082100000| Untracked 
|  34|0x0000000082200000, 0x0000000082200000, 0x0000000082300000|  0%| F|  |TAMS 0x0000000082200000, 0x0000000082200000| Untracked 
|  35|0x0000000082300000, 0x0000000082300000, 0x0000000082400000|  0%| F|  |TAMS 0x0000000082300000, 0x0000000082300000| Untracked 
|  36|0x0000000082400000, 0x0000000082400000, 0x0000000082500000|  0%| F|  |TAMS 0x0000000082400000, 0x0000000082400000| Untracked 
|  37|0x0000000082500000, 0x0000000082500000, 0x0000000082600000|  0%| F|  |TAMS 0x0000000082500000, 0x0000000082500000| Untracked 
|  38|0x0000000082600000, 0x0000000082600000, 0x0000000082700000|  0%| F|  |TAMS 0x0000000082600000, 0x0000000082600000| Untracked 
|  39|0x0000000082700000, 0x0000000082700000, 0x0000000082800000|  0%| F|  |TAMS 0x0000000082700000, 0x0000000082700000| Untracked 
|  40|0x0000000082800000, 0x0000000082800000, 0x0000000082900000|  0%| F|  |TAMS 0x0000000082800000, 0x0000000082800000| Untracked 
|  41|0x0000000082900000, 0x0000000082900000, 0x0000000082a00000|  0%| F|  |TAMS 0x0000000082900000, 0x0000000082900000| Untracked 
|  42|0x0000000082a00000, 0x0000000082a86f30, 0x0000000082b00000| 52%| S|CS|TAMS 0x0000000082a00000, 0x0000000082a00000| Complete 
|  43|0x0000000082b00000, 0x0000000082c00000, 0x0000000082c00000|100%| S|CS|TAMS 0x0000000082b00000, 0x0000000082b00000| Complete 
|  44|0x0000000082c00000, 0x0000000082c00000, 0x0000000082d00000|  0%| F|  |TAMS 0x0000000082c00000, 0x0000000082c00000| Untracked 
|  45|0x0000000082d00000, 0x0000000082d00000, 0x0000000082e00000|  0%| F|  |TAMS 0x0000000082d00000, 0x0000000082d00000| Untracked 
|  46|0x0000000082e00000, 0x0000000082e00000, 0x0000000082f00000|  0%| F|  |TAMS 0x0000000082e00000, 0x0000000082e00000| Untracked 
|  47|0x0000000082f00000, 0x0000000082f00000, 0x0000000083000000|  0%| F|  |TAMS 0x0000000082f00000, 0x0000000082f00000| Untracked 
|  48|0x0000000083000000, 0x0000000083000000, 0x0000000083100000|  0%| F|  |TAMS 0x0000000083000000, 0x0000000083000000| Untracked 
|  49|0x0000000083100000, 0x0000000083100000, 0x0000000083200000|  0%| F|  |TAMS 0x0000000083100000, 0x0000000083100000| Untracked 
|  50|0x0000000083200000, 0x0000000083200000, 0x0000000083300000|  0%| F|  |TAMS 0x0000000083200000, 0x0000000083200000| Untracked 
|  51|0x0000000083300000, 0x0000000083300000, 0x0000000083400000|  0%| F|  |TAMS 0x0000000083300000, 0x0000000083300000| Untracked 
|  52|0x0000000083400000, 0x0000000083400000, 0x0000000083500000|  0%| F|  |TAMS 0x0000000083400000, 0x0000000083400000| Untracked 
|  53|0x0000000083500000, 0x0000000083500000, 0x0000000083600000|  0%| F|  |TAMS 0x0000000083500000, 0x0000000083500000| Untracked 
|  54|0x0000000083600000, 0x0000000083600000, 0x0000000083700000|  0%| F|  |TAMS 0x0000000083600000, 0x0000000083600000| Untracked 
|  55|0x0000000083700000, 0x0000000083700000, 0x0000000083800000|  0%| F|  |TAMS 0x0000000083700000, 0x0000000083700000| Untracked 
|  56|0x0000000083800000, 0x0000000083800000, 0x0000000083900000|  0%| F|  |TAMS 0x0000000083800000, 0x0000000083800000| Untracked 
|  57|0x0000000083900000, 0x0000000083900000, 0x0000000083a00000|  0%| F|  |TAMS 0x0000000083900000, 0x0000000083900000| Untracked 
|  58|0x0000000083a00000, 0x0000000083a00000, 0x0000000083b00000|  0%| F|  |TAMS 0x0000000083a00000, 0x0000000083a00000| Untracked 
|  59|0x0000000083b00000, 0x0000000083b00000, 0x0000000083c00000|  0%| F|  |TAMS 0x0000000083b00000, 0x0000000083b00000| Untracked 
| 199|0x000000008c700000, 0x000000008c700000, 0x000000008c800000|  0%| F|  |TAMS 0x000000008c700000, 0x000000008c700000| Untracked 
| 200|0x000000008c800000, 0x000000008c800000, 0x000000008c900000|  0%| F|  |TAMS 0x000000008c800000, 0x000000008c800000| Untracked 
| 201|0x000000008c900000, 0x000000008c900000, 0x000000008ca00000|  0%| F|  |TAMS 0x000000008c900000, 0x000000008c900000| Untracked 
| 202|0x000000008ca00000, 0x000000008ca00000, 0x000000008cb00000|  0%| F|  |TAMS 0x000000008ca00000, 0x000000008ca00000| Untracked 
| 203|0x000000008cb00000, 0x000000008cb00000, 0x000000008cc00000|  0%| F|  |TAMS 0x000000008cb00000, 0x000000008cb00000| Untracked 
| 204|0x000000008cc00000, 0x000000008cc00000, 0x000000008cd00000|  0%| F|  |TAMS 0x000000008cc00000, 0x000000008cc00000| Untracked 
| 205|0x000000008cd00000, 0x000000008cd00000, 0x000000008ce00000|  0%| F|  |TAMS 0x000000008cd00000, 0x000000008cd00000| Untracked 
| 206|0x000000008ce00000, 0x000000008ce00000, 0x000000008cf00000|  0%| F|  |TAMS 0x000000008ce00000, 0x000000008ce00000| Untracked 
| 207|0x000000008cf00000, 0x000000008cf7fc10, 0x000000008d000000| 49%| E|  |TAMS 0x000000008cf00000, 0x000000008cf00000| Complete 
| 253|0x000000008fd00000, 0x000000008fdbb1f0, 0x000000008fe00000| 73%| E|  |TAMS 0x000000008fd00000, 0x000000008fd00000| Complete 

Card table byte_map: [0x0000022f394b0000,0x0000022f398b0000] _byte_map_base: 0x0000022f390b0000

Marking Bits (Prev, Next): (CMBitMap*) 0x0000022f2691d850, (CMBitMap*) 0x0000022f2691d890
 Prev Bits: [0x0000022f39cb0000, 0x0000022f3bcb0000)
 Next Bits: [0x0000022f3bcb0000, 0x0000022f3dcb0000)

Polling page: 0x0000022f247d0000

Metaspace:

Usage:
  Non-class:     35.71 MB used.
      Class:      5.46 MB used.
       Both:     41.17 MB used.

Virtual space:
  Non-class space:       64.00 MB reserved,      35.88 MB ( 56%) committed,  1 nodes.
      Class space:        1.00 GB reserved,       5.62 MB ( <1%) committed,  1 nodes.
             Both:        1.06 GB reserved,      41.50 MB (  4%) committed. 

Chunk freelists:
   Non-Class:  11.38 MB
       Class:  10.41 MB
        Both:  21.78 MB

MaxMetaspaceSize: unlimited
CompressedClassSpaceSize: 1.00 GB
Initial GC threshold: 21.00 MB
Current GC threshold: 58.75 MB
CDS: off
MetaspaceReclaimPolicy: balanced
 - commit_granule_bytes: 65536.
 - commit_granule_words: 8192.
 - virtual_space_node_default_size: 8388608.
 - enlarge_chunks_in_place: 1.
 - new_chunks_are_fully_committed: 0.
 - uncommit_free_chunks: 1.
 - use_allocation_guard: 0.
 - handle_deallocations: 1.


Internal statistics:

num_allocs_failed_limit: 6.
num_arena_births: 424.
num_arena_deaths: 0.
num_vsnodes_births: 2.
num_vsnodes_deaths: 0.
num_space_committed: 664.
num_space_uncommitted: 0.
num_chunks_returned_to_freelist: 6.
num_chunks_taken_from_freelist: 1594.
num_chunk_merges: 6.
num_chunk_splits: 1080.
num_chunks_enlarged: 760.
num_inconsistent_stats: 0.

CodeHeap 'non-profiled nmethods': size=120000Kb used=2066Kb max_used=2066Kb free=117933Kb
 bounds [0x0000022f31850000, 0x0000022f31ac0000, 0x0000022f38d80000]
CodeHeap 'profiled nmethods': size=120000Kb used=7506Kb max_used=7506Kb free=112493Kb
 bounds [0x0000022f29d80000, 0x0000022f2a4e0000, 0x0000022f312b0000]
CodeHeap 'non-nmethods': size=5760Kb used=1603Kb max_used=1635Kb free=4156Kb
 bounds [0x0000022f312b0000, 0x0000022f31520000, 0x0000022f31850000]
 total_blobs=4344 nmethods=3687 adapters=569
 compilation: enabled
              stopped_count=0, restarted_count=0
 full_count=0

Compilation events (20 events):
Event: 5.910 Thread 0x0000022f409259f0 3684       3       org.gradle.internal.classpath.DefaultClassPath::plus (57 bytes)
Event: 5.910 Thread 0x0000022f47283100 nmethod 3683 0x0000022f31a4d690 code [0x0000022f31a4d800, 0x0000022f31a4d898]
Event: 5.910 Thread 0x0000022f47283100 3685       4       org.gradle.internal.classpath.DefaultClassPath$ImmutableUniqueList::get (57 bytes)
Event: 5.911 Thread 0x0000022f409259f0 nmethod 3684 0x0000022f2a4c5790 code [0x0000022f2a4c5a80, 0x0000022f2a4c6d58]
Event: 5.911 Thread 0x0000022f47283100 nmethod 3685 0x0000022f31a4d990 code [0x0000022f31a4db00, 0x0000022f31a4dbd8]
Event: 5.911 Thread 0x0000022f47283100 3686       4       java.util.AbstractList$Itr::hasNext (20 bytes)
Event: 5.911 Thread 0x0000022f47283100 nmethod 3686 0x0000022f31a4dc90 code [0x0000022f31a4de00, 0x0000022f31a4deb8]
Event: 5.911 Thread 0x0000022f47283100 3687       4       java.lang.reflect.Array::newInstance (6 bytes)
Event: 5.913 Thread 0x0000022f47283100 nmethod 3687 0x0000022f31a4df90 code [0x0000022f31a4e100, 0x0000022f31a4e2b8]
Event: 5.913 Thread 0x0000022f47283100 3688       4       java.util.AbstractCollection::addAll (42 bytes)
Event: 5.915 Thread 0x0000022f409259f0 3690       3       java.util.HashMap::prepareArray (38 bytes)
Event: 5.916 Thread 0x0000022f409259f0 nmethod 3690 0x0000022f2a4c7210 code [0x0000022f2a4c7400, 0x0000022f2a4c79d8]
Event: 5.927 Thread 0x0000022f409259f0 3692       3       jdk.internal.loader.URLClassPath$JarLoader::findResource (18 bytes)
Event: 5.927 Thread 0x0000022f409259f0 nmethod 3692 0x0000022f2a4c7b90 code [0x0000022f2a4c7d40, 0x0000022f2a4c7f98]
Event: 5.944 Thread 0x0000022f409259f0 3695       3       org.gradle.api.internal.classpath.DefaultModuleRegistry::findJar (192 bytes)
Event: 5.946 Thread 0x0000022f409259f0 nmethod 3695 0x0000022f2a4c8090 code [0x0000022f2a4c8420, 0x0000022f2a4c9828]
Event: 6.003 Thread 0x0000022f409259f0 3697       3       org.gradle.internal.classpath.DefaultClassPath$ImmutableUniqueList::contains (11 bytes)
Event: 6.003 Thread 0x0000022f409259f0 nmethod 3697 0x0000022f2a4c9f90 code [0x0000022f2a4ca140, 0x0000022f2a4ca308]
Event: 6.009 Thread 0x0000022f409259f0 3700       3       java.lang.String::contains (19 bytes)
Event: 6.009 Thread 0x0000022f409259f0 nmethod 3700 0x0000022f2a4ca410 code [0x0000022f2a4ca5c0, 0x0000022f2a4ca818]

GC Heap History (16 events):
Event: 1.001 GC heap before
{Heap before GC invocations=0 (full 0):
 garbage-first heap   total 260096K, used 26624K [0x0000000080000000, 0x0000000100000000)
  region size 1024K, 23 young (23552K), 0 survivors (0K)
 Metaspace       used 10501K, committed 10624K, reserved 1114112K
  class space    used 1091K, committed 1152K, reserved 1048576K
}
Event: 1.005 GC heap after
{Heap after GC invocations=1 (full 0):
 garbage-first heap   total 260096K, used 10500K [0x0000000080000000, 0x0000000100000000)
  region size 1024K, 3 young (3072K), 3 survivors (3072K)
 Metaspace       used 10501K, committed 10624K, reserved 1114112K
  class space    used 1091K, committed 1152K, reserved 1048576K
}
Event: 1.354 GC heap before
{Heap before GC invocations=1 (full 0):
 garbage-first heap   total 260096K, used 40196K [0x0000000080000000, 0x0000000100000000)
  region size 1024K, 31 young (31744K), 3 survivors (3072K)
 Metaspace       used 11458K, committed 11648K, reserved 1114112K
  class space    used 1198K, committed 1280K, reserved 1048576K
}
Event: 1.357 GC heap after
{Heap after GC invocations=2 (full 0):
 garbage-first heap   total 260096K, used 12461K [0x0000000080000000, 0x0000000100000000)
  region size 1024K, 2 young (2048K), 2 survivors (2048K)
 Metaspace       used 11458K, committed 11648K, reserved 1114112K
  class space    used 1198K, committed 1280K, reserved 1048576K
}
Event: 2.548 GC heap before
{Heap before GC invocations=2 (full 0):
 garbage-first heap   total 260096K, used 56493K [0x0000000080000000, 0x0000000100000000)
  region size 1024K, 46 young (47104K), 2 survivors (2048K)
 Metaspace       used 21313K, committed 21504K, reserved 1114112K
  class space    used 2516K, committed 2624K, reserved 1048576K
}
Event: 2.555 GC heap after
{Heap after GC invocations=3 (full 0):
 garbage-first heap   total 260096K, used 19132K [0x0000000080000000, 0x0000000100000000)
  region size 1024K, 9 young (9216K), 9 survivors (9216K)
 Metaspace       used 21313K, committed 21504K, reserved 1114112K
  class space    used 2516K, committed 2624K, reserved 1048576K
}
Event: 3.199 GC heap before
{Heap before GC invocations=4 (full 0):
 garbage-first heap   total 71680K, used 51900K [0x0000000080000000, 0x0000000100000000)
  region size 1024K, 42 young (43008K), 9 survivors (9216K)
 Metaspace       used 26536K, committed 26816K, reserved 1114112K
  class space    used 3415K, committed 3520K, reserved 1048576K
}
Event: 3.207 GC heap after
{Heap after GC invocations=5 (full 0):
 garbage-first heap   total 71680K, used 21072K [0x0000000080000000, 0x0000000100000000)
  region size 1024K, 2 young (2048K), 2 survivors (2048K)
 Metaspace       used 26536K, committed 26816K, reserved 1114112K
  class space    used 3415K, committed 3520K, reserved 1048576K
}
Event: 3.853 GC heap before
{Heap before GC invocations=5 (full 0):
 garbage-first heap   total 71680K, used 49744K [0x0000000080000000, 0x0000000100000000)
  region size 1024K, 30 young (30720K), 2 survivors (2048K)
 Metaspace       used 30501K, committed 30720K, reserved 1114112K
  class space    used 4055K, committed 4160K, reserved 1048576K
}
Event: 3.856 GC heap after
{Heap after GC invocations=6 (full 0):
 garbage-first heap   total 71680K, used 22613K [0x0000000080000000, 0x0000000100000000)
  region size 1024K, 4 young (4096K), 4 survivors (4096K)
 Metaspace       used 30501K, committed 30720K, reserved 1114112K
  class space    used 4055K, committed 4160K, reserved 1048576K
}
Event: 4.425 GC heap before
{Heap before GC invocations=6 (full 0):
 garbage-first heap   total 71680K, used 51285K [0x0000000080000000, 0x0000000100000000)
  region size 1024K, 32 young (32768K), 4 survivors (4096K)
 Metaspace       used 33872K, committed 34176K, reserved 1114112K
  class space    used 4610K, committed 4736K, reserved 1048576K
}
Event: 4.429 GC heap after
{Heap after GC invocations=7 (full 0):
 garbage-first heap   total 71680K, used 23786K [0x0000000080000000, 0x0000000100000000)
  region size 1024K, 3 young (3072K), 3 survivors (3072K)
 Metaspace       used 33872K, committed 34176K, reserved 1114112K
  class space    used 4610K, committed 4736K, reserved 1048576K
}
Event: 4.726 GC heap before
{Heap before GC invocations=7 (full 0):
 garbage-first heap   total 71680K, used 31978K [0x0000000080000000, 0x0000000100000000)
  region size 1024K, 13 young (13312K), 3 survivors (3072K)
 Metaspace       used 35660K, committed 35968K, reserved 1114112K
  class space    used 4850K, committed 4992K, reserved 1048576K
}
Event: 4.729 GC heap after
{Heap after GC invocations=8 (full 0):
 garbage-first heap   total 71680K, used 24384K [0x0000000080000000, 0x0000000100000000)
  region size 1024K, 2 young (2048K), 2 survivors (2048K)
 Metaspace       used 35660K, committed 35968K, reserved 1114112K
  class space    used 4850K, committed 4992K, reserved 1048576K
}
Event: 5.550 GC heap before
{Heap before GC invocations=9 (full 0):
 garbage-first heap   total 71680K, used 54080K [0x0000000080000000, 0x0000000100000000)
  region size 1024K, 32 young (32768K), 2 survivors (2048K)
 Metaspace       used 40961K, committed 41280K, reserved 1114112K
  class space    used 5418K, committed 5568K, reserved 1048576K
}
Event: 5.556 GC heap after
{Heap after GC invocations=10 (full 0):
 garbage-first heap   total 71680K, used 28043K [0x0000000080000000, 0x0000000100000000)
  region size 1024K, 4 young (4096K), 4 survivors (4096K)
 Metaspace       used 40961K, committed 41280K, reserved 1114112K
  class space    used 5418K, committed 5568K, reserved 1048576K
}

Dll operation events (3 events):
Event: 0.011 Loaded shared library C:\Users\User\AppData\Local\JetBrains\Toolbox\apps\AndroidStudio\ch-0\232.10300.40.2321.11567975\jbr\bin\java.dll
Event: 0.421 Loaded shared library C:\Users\User\AppData\Local\JetBrains\Toolbox\apps\AndroidStudio\ch-0\232.10300.40.2321.11567975\jbr\bin\zip.dll
Event: 0.729 Loaded shared library C:\Users\User\AppData\Local\JetBrains\Toolbox\apps\AndroidStudio\ch-0\232.10300.40.2321.11567975\jbr\bin\verify.dll

Deoptimization events (20 events):
Event: 5.350 Thread 0x0000022f4646b610 Uncommon trap: trap_request=0xffffff45 fr.pc=0x0000022f31977fcc relative=0x0000000000004f6c
Event: 5.350 Thread 0x0000022f4646b610 Uncommon trap: reason=unstable_if action=reinterpret pc=0x0000022f31977fcc method=java.lang.ClassLoader.getClassLoadingLock(Ljava/lang/String;)Ljava/lang/Object; @ 6 c2
Event: 5.350 Thread 0x0000022f4646b610 DEOPT PACKING pc=0x0000022f31977fcc sp=0x0000004c8ebf8f10
Event: 5.350 Thread 0x0000022f4646b610 DEOPT UNPACKING pc=0x0000022f3130a1a3 sp=0x0000004c8ebf8ef0 mode 2
Event: 5.374 Thread 0x0000022f4646b610 Uncommon trap: trap_request=0xffffffc6 fr.pc=0x0000022f319bfd7c relative=0x00000000000041dc
Event: 5.374 Thread 0x0000022f4646b610 Uncommon trap: reason=bimorphic_or_optimized_type_check action=maybe_recompile pc=0x0000022f319bfd7c method=java.net.URL.<init>(Ljava/net/URL;Ljava/lang/String;Ljava/net/URLStreamHandler;)V @ 504 c2
Event: 5.374 Thread 0x0000022f4646b610 DEOPT PACKING pc=0x0000022f319bfd7c sp=0x0000004c8ebf8640
Event: 5.374 Thread 0x0000022f4646b610 DEOPT UNPACKING pc=0x0000022f3130a1a3 sp=0x0000004c8ebf85e0 mode 2
Event: 5.485 Thread 0x0000022f4646b610 Uncommon trap: trap_request=0xffffff45 fr.pc=0x0000022f31947c00 relative=0x00000000000000e0
Event: 5.485 Thread 0x0000022f4646b610 Uncommon trap: reason=unstable_if action=reinterpret pc=0x0000022f31947c00 method=java.lang.ClassLoader.getClassLoadingLock(Ljava/lang/String;)Ljava/lang/Object; @ 6 c2
Event: 5.485 Thread 0x0000022f4646b610 DEOPT PACKING pc=0x0000022f31947c00 sp=0x0000004c8ebf8f20
Event: 5.485 Thread 0x0000022f4646b610 DEOPT UNPACKING pc=0x0000022f3130a1a3 sp=0x0000004c8ebf8eb0 mode 2
Event: 5.759 Thread 0x0000022f4646b610 Uncommon trap: trap_request=0xffffff45 fr.pc=0x0000022f31961ffc relative=0x00000000000077dc
Event: 5.759 Thread 0x0000022f4646b610 Uncommon trap: reason=unstable_if action=reinterpret pc=0x0000022f31961ffc method=jdk.internal.org.objectweb.asm.Frame.execute(IILjdk/internal/org/objectweb/asm/Symbol;Ljdk/internal/org/objectweb/asm/SymbolTable;)V @ 1 c2
Event: 5.759 Thread 0x0000022f4646b610 DEOPT PACKING pc=0x0000022f31961ffc sp=0x0000004c8ebf9b70
Event: 5.759 Thread 0x0000022f4646b610 DEOPT UNPACKING pc=0x0000022f3130a1a3 sp=0x0000004c8ebf9b28 mode 2
Event: 5.902 Thread 0x0000022f4646b610 DEOPT PACKING pc=0x0000022f2a3d23d9 sp=0x0000004c8ebf9180
Event: 5.902 Thread 0x0000022f4646b610 DEOPT UNPACKING pc=0x0000022f3130ace3 sp=0x0000004c8ebf8670 mode 0
Event: 5.902 Thread 0x0000022f4646b610 DEOPT PACKING pc=0x0000022f2a3cbace sp=0x0000004c8ebf91b0
Event: 5.902 Thread 0x0000022f4646b610 DEOPT UNPACKING pc=0x0000022f3130ace3 sp=0x0000004c8ebf8678 mode 0

Classes unloaded (0 events):
No events

Classes redefined (0 events):
No events

Internal exceptions (20 events):
Event: 5.620 Thread 0x0000022f4646b610 Exception <a 'java/lang/ClassNotFoundException'{0x000000008c96da68}: groovy/lang/GroovyObjectSupportCustomizer> (0x000000008c96da68) 
thrown [s\src\hotspot\share\classfile\systemDictionary.cpp, line 256]
Event: 5.622 Thread 0x0000022f4646b610 Exception <a 'java/lang/ClassNotFoundException'{0x000000008c9872e0}: org/gradle/internal/extensibility/DefaultExtraPropertiesExtensionCustomizer> (0x000000008c9872e0) 
thrown [s\src\hotspot\share\classfile\systemDictionary.cpp, line 256]
Event: 5.639 Thread 0x0000022f4646b610 Exception <a 'sun/nio/fs/WindowsException'{0x000000008c9ce538}> (0x000000008c9ce538) 
thrown [s\src\hotspot\share\prims\jni.cpp, line 517]
Event: 5.641 Thread 0x0000022f4646b610 Exception <a 'sun/nio/fs/WindowsException'{0x000000008c9cfaf8}> (0x000000008c9cfaf8) 
thrown [s\src\hotspot\share\prims\jni.cpp, line 517]
Event: 5.642 Thread 0x0000022f4646b610 Exception <a 'sun/nio/fs/WindowsException'{0x000000008c9d1070}> (0x000000008c9d1070) 
thrown [s\src\hotspot\share\prims\jni.cpp, line 517]
Event: 5.645 Thread 0x0000022f4646b610 Exception <a 'sun/nio/fs/WindowsException'{0x000000008c9d2608}> (0x000000008c9d2608) 
thrown [s\src\hotspot\share\prims\jni.cpp, line 517]
Event: 5.695 Thread 0x0000022f4646b610 Exception <a 'java/lang/NoSuchMethodError'{0x000000008c8e5350}: 'java.lang.Object java.lang.invoke.Invokers$Holder.invoker(java.lang.Object, java.lang.Object, java.lang.Object, java.lang.Object, java.lang.Object, java.lang.Object, java.lang.Object, java.lang.Object, java.lang.Object)'> (0x000000008c8e5350) 
thrown [s\src\hotspot\share\interpreter\linkResolver.cpp, line 771]
Event: 5.722 Thread 0x0000022f4646b610 Exception <a 'java/lang/NoSuchMethodError'{0x000000008c79e920}: 'java.lang.Object java.lang.invoke.Invokers$Holder.invoker(java.lang.Object, java.lang.Object, java.lang.Object, java.lang.Object)'> (0x000000008c79e920) 
thrown [s\src\hotspot\share\interpreter\linkResolver.cpp, line 771]
Event: 5.750 Thread 0x0000022f4646b610 Exception <a 'java/lang/NoSuchMethodError'{0x0000000083b4c778}: 'java.lang.Object java.lang.invoke.DelegatingMethodHandle$Holder.reinvoke_L(java.lang.Object, java.lang.Object, java.lang.Object, java.lang.Object, java.lang.Object, java.lang.Object, java.lang.Object, java.lang.Object, java.lang.Object, java.lang.Object, java.lang.Object, java.lang.Object, java.lang.Object, java.lang.Object, java.lang.Object, java.lang.Object, java.lang.Object, java.lang.Object, java.lang.Object, java.lang.Object, java.lang.O
Event: 5.751 Thread 0x0000022f4646b610 Exception <a 'java/lang/NoSuchMethodError'{0x0000000083b58330}: 'java.lang.Object java.lang.invoke.Invokers$Holder.invoker(java.lang.Object, java.lang.Object, java.lang.Object, java.lang.Object, java.lang.Object, java.lang.Object, java.lang.Object, java.lang.Object, java.lang.Object, java.lang.Object, java.lang.Object, java.lang.Object, java.lang.Object, java.lang.Object, java.lang.Object, java.lang.Object, java.lang.Object, java.lang.Object, java.lang.Object, java.lang.Object, java.lang.Object, java.lang.
Event: 5.752 Thread 0x0000022f4646b610 Exception <a 'java/lang/NoSuchMethodError'{0x0000000083b5ef38}: 'java.lang.Object java.lang.invoke.DelegatingMethodHandle$Holder.delegate(java.lang.Object, java.lang.Object, java.lang.Object, java.lang.Object, java.lang.Object, java.lang.Object, java.lang.Object, java.lang.Object, java.lang.Object, java.lang.Object, java.lang.Object, java.lang.Object, java.lang.Object, java.lang.Object, java.lang.Object, java.lang.Object, java.lang.Object, java.lang.Object, java.lang.Object, java.lang.Object, java.lang.Obj
Event: 5.761 Thread 0x0000022f4646b610 Exception <a 'java/lang/NoSuchMethodError'{0x0000000083bf38b8}: 'java.lang.Object java.lang.invoke.DirectMethodHandle$Holder.invokeStatic(java.lang.Object, java.lang.Object, java.lang.Object, java.lang.Object, java.lang.Object, java.lang.Object, java.lang.Object, java.lang.Object, java.lang.Object, java.lang.Object, java.lang.Object, java.lang.Object, java.lang.Object, java.lang.Object, java.lang.Object, java.lang.Object, java.lang.Object)'> (0x0000000083bf38b8) 
thrown [s\src\hotspot\share\interpreter\lin
Event: 5.763 Thread 0x0000022f4646b610 Exception <a 'java/lang/NoSuchMethodError'{0x0000000083a230c8}: 'java.lang.Object java.lang.invoke.DirectMethodHandle$Holder.invokeStatic(java.lang.Object, java.lang.Object, java.lang.Object, java.lang.Object, java.lang.Object, java.lang.Object, java.lang.Object, java.lang.Object, java.lang.Object, java.lang.Object, java.lang.Object, java.lang.Object, java.lang.Object, java.lang.Object, java.lang.Object, java.lang.Object, java.lang.Object, java.lang.Object)'> (0x0000000083a230c8) 
thrown [s\src\hotspot\sha
Event: 5.767 Thread 0x0000022f4646b610 Exception <a 'java/lang/NoSuchMethodError'{0x0000000083a4d480}: 'java.lang.Object java.lang.invoke.DirectMethodHandle$Holder.invokeStatic(java.lang.Object, java.lang.Object, java.lang.Object, java.lang.Object, java.lang.Object, java.lang.Object, java.lang.Object, java.lang.Object, java.lang.Object, java.lang.Object, java.lang.Object, java.lang.Object, java.lang.Object, java.lang.Object, java.lang.Object, java.lang.Object, java.lang.Object, java.lang.Object, java.lang.Object)'> (0x0000000083a4d480) 
thrown 
Event: 5.771 Thread 0x0000022f4646b610 Exception <a 'java/lang/NoSuchMethodError'{0x0000000083a786f8}: 'java.lang.Object java.lang.invoke.DirectMethodHandle$Holder.invokeStatic(java.lang.Object, java.lang.Object, java.lang.Object, java.lang.Object, java.lang.Object, java.lang.Object, java.lang.Object, java.lang.Object, java.lang.Object, java.lang.Object, java.lang.Object, java.lang.Object, java.lang.Object, java.lang.Object, java.lang.Object, java.lang.Object, java.lang.Object, java.lang.Object, java.lang.Object, java.lang.Object)'> (0x00000000
Event: 5.773 Thread 0x0000022f4646b610 Exception <a 'java/lang/NoSuchMethodError'{0x0000000083aa4830}: 'java.lang.Object java.lang.invoke.DirectMethodHandle$Holder.invokeStatic(java.lang.Object, java.lang.Object, java.lang.Object, java.lang.Object, java.lang.Object, java.lang.Object, java.lang.Object, java.lang.Object, java.lang.Object, java.lang.Object, java.lang.Object, java.lang.Object, java.lang.Object, java.lang.Object, java.lang.Object, java.lang.Object, java.lang.Object, java.lang.Object, java.lang.Object, java.lang.Object, java.lang.Obj
Event: 5.775 Thread 0x0000022f4646b610 Exception <a 'java/lang/NoSuchMethodError'{0x0000000083ad1ad0}: 'java.lang.Object java.lang.invoke.DirectMethodHandle$Holder.invokeStatic(java.lang.Object, java.lang.Object, java.lang.Object, java.lang.Object, java.lang.Object, java.lang.Object, java.lang.Object, java.lang.Object, java.lang.Object, java.lang.Object, java.lang.Object, java.lang.Object, java.lang.Object, java.lang.Object, java.lang.Object, java.lang.Object, java.lang.Object, java.lang.Object, java.lang.Object, java.lang.Object, java.lang.Obj
Event: 5.778 Thread 0x0000022f4646b610 Exception <a 'java/lang/NoSuchMethodError'{0x0000000083affaa0}: 'java.lang.Object java.lang.invoke.DirectMethodHandle$Holder.invokeStatic(java.lang.Object, java.lang.Object, java.lang.Object, java.lang.Object, java.lang.Object, java.lang.Object, java.lang.Object, java.lang.Object, java.lang.Object, java.lang.Object, java.lang.Object, java.lang.Object, java.lang.Object, java.lang.Object, java.lang.Object, java.lang.Object, java.lang.Object, java.lang.Object, java.lang.Object, java.lang.Object, java.lang.Obj
Event: 5.781 Thread 0x0000022f4646b610 Exception <a 'java/lang/NoSuchMethodError'{0x000000008392f840}: 'java.lang.Object java.lang.invoke.DirectMethodHandle$Holder.invokeStatic(java.lang.Object, java.lang.Object, java.lang.Object, java.lang.Object, java.lang.Object, java.lang.Object, java.lang.Object, java.lang.Object, java.lang.Object, java.lang.Object, java.lang.Object, java.lang.Object, java.lang.Object, java.lang.Object, java.lang.Object, java.lang.Object, java.lang.Object, java.lang.Object, java.lang.Object, java.lang.Object, java.lang.Obj
Event: 5.783 Thread 0x0000022f4646b610 Exception <a 'java/lang/NoSuchMethodError'{0x0000000083960bc0}: 'java.lang.Object java.lang.invoke.DirectMethodHandle$Holder.invokeStatic(java.lang.Object, java.lang.Object, java.lang.Object, java.lang.Object, java.lang.Object, java.lang.Object, java.lang.Object, java.lang.Object, java.lang.Object, java.lang.Object, java.lang.Object, java.lang.Object, java.lang.Object, java.lang.Object, java.lang.Object, java.lang.Object, java.lang.Object, java.lang.Object, java.lang.Object, java.lang.Object, java.lang.Obj

VM Operations (20 events):
Event: 4.798 Executing VM operation: HandshakeAllThreads
Event: 4.798 Executing VM operation: HandshakeAllThreads done
Event: 4.808 Executing VM operation: HandshakeAllThreads
Event: 4.808 Executing VM operation: HandshakeAllThreads done
Event: 5.047 Executing VM operation: HandshakeAllThreads
Event: 5.047 Executing VM operation: HandshakeAllThreads done
Event: 5.375 Executing VM operation: HandshakeAllThreads
Event: 5.375 Executing VM operation: HandshakeAllThreads done
Event: 5.376 Executing VM operation: HandshakeAllThreads
Event: 5.376 Executing VM operation: HandshakeAllThreads done
Event: 5.404 Executing VM operation: HandshakeAllThreads
Event: 5.404 Executing VM operation: HandshakeAllThreads done
Event: 5.412 Executing VM operation: HandshakeAllThreads
Event: 5.412 Executing VM operation: HandshakeAllThreads done
Event: 5.422 Executing VM operation: HandshakeAllThreads
Event: 5.422 Executing VM operation: HandshakeAllThreads done
Event: 5.493 Executing VM operation: HandshakeAllThreads
Event: 5.494 Executing VM operation: HandshakeAllThreads done
Event: 5.550 Executing VM operation: G1CollectForAllocation
Event: 5.556 Executing VM operation: G1CollectForAllocation done

Events (20 events):
Event: 5.759 loading class java/lang/invoke/ClassSpecializer$Factory$1Var
Event: 5.759 loading class java/lang/invoke/ClassSpecializer$Factory$1Var done
Event: 5.762 loading class java/lang/invoke/BoundMethodHandle$Species_LLLLLLLLLLLLLLL
Event: 5.762 loading class java/lang/invoke/BoundMethodHandle$Species_LLLLLLLLLLLLLLL done
Event: 5.765 loading class java/lang/invoke/BoundMethodHandle$Species_LLLLLLLLLLLLLLLL
Event: 5.765 loading class java/lang/invoke/BoundMethodHandle$Species_LLLLLLLLLLLLLLLL done
Event: 5.770 loading class java/lang/invoke/BoundMethodHandle$Species_LLLLLLLLLLLLLLLLL
Event: 5.770 loading class java/lang/invoke/BoundMethodHandle$Species_LLLLLLLLLLLLLLLLL done
Event: 5.772 loading class java/lang/invoke/BoundMethodHandle$Species_LLLLLLLLLLLLLLLLLL
Event: 5.772 loading class java/lang/invoke/BoundMethodHandle$Species_LLLLLLLLLLLLLLLLLL done
Event: 5.774 loading class java/lang/invoke/BoundMethodHandle$Species_LLLLLLLLLLLLLLLLLLL
Event: 5.774 loading class java/lang/invoke/BoundMethodHandle$Species_LLLLLLLLLLLLLLLLLLL done
Event: 5.777 loading class java/lang/invoke/BoundMethodHandle$Species_LLLLLLLLLLLLLLLLLLLL
Event: 5.777 loading class java/lang/invoke/BoundMethodHandle$Species_LLLLLLLLLLLLLLLLLLLL done
Event: 5.779 loading class java/lang/invoke/BoundMethodHandle$Species_LLLLLLLLLLLLLLLLLLLLL
Event: 5.779 loading class java/lang/invoke/BoundMethodHandle$Species_LLLLLLLLLLLLLLLLLLLLL done
Event: 5.782 loading class java/lang/invoke/BoundMethodHandle$Species_LLLLLLLLLLLLLLLLLLLLLL
Event: 5.782 loading class java/lang/invoke/BoundMethodHandle$Species_LLLLLLLLLLLLLLLLLLLLLL done
Event: 5.797 loading class java/util/regex/Pattern$Pos
Event: 5.797 loading class java/util/regex/Pattern$Pos done


Dynamic libraries:
0x00007ff6a6c50000 - 0x00007ff6a6c5a000 	C:\Users\User\AppData\Local\JetBrains\Toolbox\apps\AndroidStudio\ch-0\232.10300.40.2321.11567975\jbr\bin\java.exe
0x00007ffa87990000 - 0x00007ffa87ba7000 	C:\WINDOWS\SYSTEM32\ntdll.dll
0x00007ffa865c0000 - 0x00007ffa86684000 	C:\WINDOWS\System32\KERNEL32.DLL
0x00007ffa85260000 - 0x00007ffa8561a000 	C:\WINDOWS\System32\KERNELBASE.dll
0x00007ffa84c70000 - 0x00007ffa84d81000 	C:\WINDOWS\System32\ucrtbase.dll
0x00007ffa797e0000 - 0x00007ffa797f7000 	C:\Users\User\AppData\Local\JetBrains\Toolbox\apps\AndroidStudio\ch-0\232.10300.40.2321.11567975\jbr\bin\jli.dll
0x00007ffa7afc0000 - 0x00007ffa7afdb000 	C:\Users\User\AppData\Local\JetBrains\Toolbox\apps\AndroidStudio\ch-0\232.10300.40.2321.11567975\jbr\bin\VCRUNTIME140.dll
0x00007ffa872a0000 - 0x00007ffa8744f000 	C:\WINDOWS\System32\USER32.dll
0x00007ffa85160000 - 0x00007ffa85186000 	C:\WINDOWS\System32\win32u.dll
0x00007ffa64e90000 - 0x00007ffa65122000 	C:\WINDOWS\WinSxS\amd64_microsoft.windows.common-controls_6595b64144ccf1df_6.0.22621.4435_none_270f767f73860d61\COMCTL32.dll
0x00007ffa86590000 - 0x00007ffa865b9000 	C:\WINDOWS\System32\GDI32.dll
0x00007ffa856a0000 - 0x00007ffa85747000 	C:\WINDOWS\System32\msvcrt.dll
0x00007ffa84f00000 - 0x00007ffa8501b000 	C:\WINDOWS\System32\gdi32full.dll
0x00007ffa851c0000 - 0x00007ffa8525a000 	C:\WINDOWS\System32\msvcp_win.dll
0x00007ffa85840000 - 0x00007ffa85871000 	C:\WINDOWS\System32\IMM32.DLL
0x00007ffa4c500000 - 0x00007ffa4c5eb000 	C:\Program Files\Windhawk\Engine\1.5.1\64\windhawk.dll
0x00007ffa87530000 - 0x00007ffa875e2000 	C:\WINDOWS\System32\ADVAPI32.dll
0x00007ffa876f0000 - 0x00007ffa87797000 	C:\WINDOWS\System32\sechost.dll
0x00007ffa85190000 - 0x00007ffa851b8000 	C:\WINDOWS\System32\bcrypt.dll
0x00007ffa86690000 - 0x00007ffa867a4000 	C:\WINDOWS\System32\RPCRT4.dll
0x00007ffa80fa0000 - 0x00007ffa810d6000 	C:\WINDOWS\SYSTEM32\WINHTTP.dll
0x00007ffa7b030000 - 0x00007ffa7b03c000 	C:\Users\User\AppData\Local\JetBrains\Toolbox\apps\AndroidStudio\ch-0\232.10300.40.2321.11567975\jbr\bin\vcruntime140_1.dll
0x00007ffa4bb90000 - 0x00007ffa4bc1d000 	C:\Users\User\AppData\Local\JetBrains\Toolbox\apps\AndroidStudio\ch-0\232.10300.40.2321.11567975\jbr\bin\msvcp140.dll
0x00007ff9e4c60000 - 0x00007ff9e58e3000 	C:\Users\User\AppData\Local\JetBrains\Toolbox\apps\AndroidStudio\ch-0\232.10300.40.2321.11567975\jbr\bin\server\jvm.dll
0x00007ffa77a60000 - 0x00007ffa77a6a000 	C:\WINDOWS\SYSTEM32\VERSION.dll
0x00007ffa83ae0000 - 0x00007ffa83b2d000 	C:\WINDOWS\SYSTEM32\POWRPROF.dll
0x00007ffa532d0000 - 0x00007ffa532d9000 	C:\WINDOWS\SYSTEM32\WSOCK32.dll
0x00007ffa86bc0000 - 0x00007ffa86c31000 	C:\WINDOWS\System32\WS2_32.dll
0x00007ffa7fde0000 - 0x00007ffa7fe14000 	C:\WINDOWS\SYSTEM32\WINMM.dll
0x00007ffa83ac0000 - 0x00007ffa83ad3000 	C:\WINDOWS\SYSTEM32\UMPDC.dll
0x00007ffa83da0000 - 0x00007ffa83db8000 	C:\WINDOWS\SYSTEM32\kernel.appcore.dll
0x00007ffa7f5b0000 - 0x00007ffa7f5ba000 	C:\Users\User\AppData\Local\JetBrains\Toolbox\apps\AndroidStudio\ch-0\232.10300.40.2321.11567975\jbr\bin\jimage.dll
0x00007ffa81dc0000 - 0x00007ffa81ff2000 	C:\WINDOWS\SYSTEM32\DBGHELP.DLL
0x00007ffa86830000 - 0x00007ffa86bbf000 	C:\WINDOWS\System32\combase.dll
0x00007ffa86ef0000 - 0x00007ffa86fc7000 	C:\WINDOWS\System32\OLEAUT32.dll
0x00007ffa718c0000 - 0x00007ffa718f2000 	C:\WINDOWS\SYSTEM32\dbgcore.DLL
0x00007ffa85620000 - 0x00007ffa8569b000 	C:\WINDOWS\System32\bcryptPrimitives.dll
0x00007ffa7a060000 - 0x00007ffa7a06e000 	C:\Users\User\AppData\Local\JetBrains\Toolbox\apps\AndroidStudio\ch-0\232.10300.40.2321.11567975\jbr\bin\instrument.dll
0x00007ffa7ce90000 - 0x00007ffa7ceb5000 	C:\Users\User\AppData\Local\JetBrains\Toolbox\apps\AndroidStudio\ch-0\232.10300.40.2321.11567975\jbr\bin\java.dll
0x00007ffa7b080000 - 0x00007ffa7b098000 	C:\Users\User\AppData\Local\JetBrains\Toolbox\apps\AndroidStudio\ch-0\232.10300.40.2321.11567975\jbr\bin\zip.dll
0x00007ffa85d10000 - 0x00007ffa8658b000 	C:\WINDOWS\System32\SHELL32.dll
0x00007ffa82b60000 - 0x00007ffa83468000 	C:\WINDOWS\SYSTEM32\windows.storage.dll
0x00007ffa82a20000 - 0x00007ffa82b5f000 	C:\WINDOWS\SYSTEM32\wintypes.dll
0x00007ffa875f0000 - 0x00007ffa876ea000 	C:\WINDOWS\System32\SHCORE.dll
0x00007ffa87240000 - 0x00007ffa8729e000 	C:\WINDOWS\System32\shlwapi.dll
0x00007ffa84ba0000 - 0x00007ffa84bcb000 	C:\WINDOWS\SYSTEM32\profapi.dll
0x00007ffa7afa0000 - 0x00007ffa7afb9000 	C:\Users\User\AppData\Local\JetBrains\Toolbox\apps\AndroidStudio\ch-0\232.10300.40.2321.11567975\jbr\bin\net.dll
0x00007ffa84220000 - 0x00007ffa84289000 	C:\WINDOWS\system32\mswsock.dll
0x00007ffa79b80000 - 0x00007ffa79b96000 	C:\Users\User\AppData\Local\JetBrains\Toolbox\apps\AndroidStudio\ch-0\232.10300.40.2321.11567975\jbr\bin\nio.dll
0x00007ffa7f590000 - 0x00007ffa7f5a0000 	C:\Users\User\AppData\Local\JetBrains\Toolbox\apps\AndroidStudio\ch-0\232.10300.40.2321.11567975\jbr\bin\verify.dll
0x00007ffa71970000 - 0x00007ffa71997000 	C:\Users\User\.gradle\native\c067742578af261105cb4f569cf0c3c89f3d7b1fecec35dd04571415982c5e48\windows-amd64\native-platform.dll
0x00007ffa1c180000 - 0x00007ffa1c2c4000 	C:\Users\User\.gradle\native\38dada09dfb8b06ba9b0570ebf7e218e3eb74d4ef43ca46872605cf95ebc2f47\windows-amd64\native-platform-file-events.dll
0x00007ffa7cec0000 - 0x00007ffa7cec9000 	C:\Users\User\AppData\Local\JetBrains\Toolbox\apps\AndroidStudio\ch-0\232.10300.40.2321.11567975\jbr\bin\management.dll
0x00007ffa7b0d0000 - 0x00007ffa7b0db000 	C:\Users\User\AppData\Local\JetBrains\Toolbox\apps\AndroidStudio\ch-0\232.10300.40.2321.11567975\jbr\bin\management_ext.dll
0x00007ffa85810000 - 0x00007ffa85818000 	C:\WINDOWS\System32\PSAPI.DLL
0x00007ffa84470000 - 0x00007ffa8448b000 	C:\WINDOWS\SYSTEM32\CRYPTSP.dll
0x00007ffa83ce0000 - 0x00007ffa83d15000 	C:\WINDOWS\system32\rsaenh.dll
0x00007ffa84310000 - 0x00007ffa84338000 	C:\WINDOWS\SYSTEM32\USERENV.dll
0x00007ffa84490000 - 0x00007ffa8449c000 	C:\WINDOWS\SYSTEM32\CRYPTBASE.dll
0x00007ffa836e0000 - 0x00007ffa8370d000 	C:\WINDOWS\SYSTEM32\IPHLPAPI.DLL
0x00007ffa86c40000 - 0x00007ffa86c49000 	C:\WINDOWS\System32\NSI.dll
0x00007ffa800c0000 - 0x00007ffa800d9000 	C:\WINDOWS\SYSTEM32\dhcpcsvc6.DLL
0x00007ffa800a0000 - 0x00007ffa800bf000 	C:\WINDOWS\SYSTEM32\dhcpcsvc.DLL
0x00007ffa83710000 - 0x00007ffa83812000 	C:\WINDOWS\SYSTEM32\DNSAPI.dll
0x00007ffa47cc0000 - 0x00007ffa47cc8000 	C:\WINDOWS\system32\wshunix.dll

dbghelp: loaded successfully - version: 4.0.5 - missing functions: none
symbol engine: initialized successfully - sym options: 0x614 - pdb path: .;C:\Users\User\AppData\Local\JetBrains\Toolbox\apps\AndroidStudio\ch-0\232.10300.40.2321.11567975\jbr\bin;C:\WINDOWS\SYSTEM32;C:\WINDOWS\WinSxS\amd64_microsoft.windows.common-controls_6595b64144ccf1df_6.0.22621.4435_none_270f767f73860d61;C:\Program Files\Windhawk\Engine\1.5.1\64;C:\Users\User\AppData\Local\JetBrains\Toolbox\apps\AndroidStudio\ch-0\232.10300.40.2321.11567975\jbr\bin\server;C:\Users\User\.gradle\native\c067742578af261105cb4f569cf0c3c89f3d7b1fecec35dd04571415982c5e48\windows-amd64;C:\Users\User\.gradle\native\38dada09dfb8b06ba9b0570ebf7e218e3eb74d4ef43ca46872605cf95ebc2f47\windows-amd64

VM Arguments:
jvm_args: --add-opens=java.base/java.util=ALL-UNNAMED --add-opens=java.base/java.lang=ALL-UNNAMED --add-opens=java.base/java.lang.invoke=ALL-UNNAMED --add-opens=java.prefs/java.util.prefs=ALL-UNNAMED --add-opens=java.base/java.nio.charset=ALL-UNNAMED --add-opens=java.base/java.net=ALL-UNNAMED --add-opens=java.base/java.util.concurrent.atomic=ALL-UNNAMED -Xmx2048m -Dfile.encoding=UTF-8 -Duser.country=US -Duser.language=en -Duser.variant -javaagent:C:\Users\User\.gradle\wrapper\dists\gradle-8.4-bin\1w5dpkrfk8irigvoxmyhowfim\gradle-8.4\lib\agents\gradle-instrumentation-agent-8.4.jar 
java_command: org.gradle.launcher.daemon.bootstrap.GradleDaemon 8.4
java_class_path (initial): C:\Users\User\.gradle\wrapper\dists\gradle-8.4-bin\1w5dpkrfk8irigvoxmyhowfim\gradle-8.4\lib\gradle-launcher-8.4.jar
Launcher Type: SUN_STANDARD

[Global flags]
     intx CICompilerCount                          = 4                                         {product} {ergonomic}
     uint ConcGCThreads                            = 2                                         {product} {ergonomic}
     uint G1ConcRefinementThreads                  = 8                                         {product} {ergonomic}
   size_t G1HeapRegionSize                         = 1048576                                   {product} {ergonomic}
    uintx GCDrainStackTargetSize                   = 64                                        {product} {ergonomic}
   size_t InitialHeapSize                          = 266338304                                 {product} {ergonomic}
   size_t MarkStackSize                            = 4194304                                   {product} {ergonomic}
   size_t MaxHeapSize                              = 2147483648                                {product} {command line}
   size_t MaxNewSize                               = 1287651328                                {product} {ergonomic}
   size_t MinHeapDeltaBytes                        = 1048576                                   {product} {ergonomic}
   size_t MinHeapSize                              = 8388608                                   {product} {ergonomic}
    uintx NonNMethodCodeHeapSize                   = 5839372                                {pd product} {ergonomic}
    uintx NonProfiledCodeHeapSize                  = 122909434                              {pd product} {ergonomic}
    uintx ProfiledCodeHeapSize                     = 122909434                              {pd product} {ergonomic}
    uintx ReservedCodeCacheSize                    = 251658240                              {pd product} {ergonomic}
     bool SegmentedCodeCache                       = true                                      {product} {ergonomic}
   size_t SoftMaxHeapSize                          = 2147483648                             {manageable} {ergonomic}
     bool UseCompressedClassPointers               = true                           {product lp64_product} {ergonomic}
     bool UseCompressedOops                        = true                           {product lp64_product} {ergonomic}
     bool UseG1GC                                  = true                                      {product} {ergonomic}
     bool UseLargePagesIndividualAllocation        = false                                  {pd product} {ergonomic}

Logging:
Log output configuration:
 #0: stdout all=warning uptime,level,tags
 #1: stderr all=off uptime,level,tags

Environment Variables:
JAVA_HOME=C:\Program Files\Zulu\zulu-17\
PATH=C:\Program Files\Zulu\zulu-17\bin\;C:\Program Files\Zulu\zulu-21\bin\;C:\Program Files\Common Files\Oracle\Java\javapath;C:\Windows\system32;C:\Windows;C:\Windows\System32\Wbem;C:\Windows\System32\WindowsPowerShell\v1.0\;C:\Windows\System32\OpenSSH\;C:\Program Files (x86)\NVIDIA Corporation\PhysX\Common;C:\Program Files\NVIDIA Corporation\NVIDIA NvDLISR;C:\WINDOWS\system32;C:\WINDOWS;C:\WINDOWS\System32\Wbem;C:\WINDOWS\System32\WindowsPowerShell\v1.0\;C:\WINDOWS\System32\OpenSSH\;C:\Windows\System32\cmd.exe;C:\MinGW\bin;C:\src\flutter\bin;C:\Program Files\dotnet\;C:\Program Files\Odoo 16.0.20230226\Ghostscript\bin;C:\Program Files\PuTTY\;C:\ProgramData\chocolatey\bin;C:\Program Files\Git\cmd;C:\Program Files\Cloudflare\Cloudflare WARP\;C:\gradle-8.6\bin;C:\Users\User\AppData\Roaming\nvm;C:\Program Files\nodejs;C:\Program Files\starship\bin\;C:\Program Files\Go\bin;C:\Program Files\Docker\Docker\resources\bin;C:\Program Files (x86)\Windows Kits\10\Windows Performance Toolkit\;C:\Users\User\.cargo\bin;C:\Users\User\miniconda3;C:\Users\User\miniconda3\Library\mingw-w64\bin;C:\Users\User\miniconda3\Library\usr\bin;C:\Users\User\miniconda3\Library\bin;C:\Users\User\miniconda3\Scripts;C:\Users\User\scoop\shims;C:\Users\User\AppData\Local\Programs\Python\Python310\Scripts\;C:\Users\User\AppData\Local\Programs\Python\Python310\;C:\Users\User\AppData\Local\Microsoft\WindowsApps;C:\Users\User\AppData\Local\Programs\Microsoft VS Code\bin;C:\Python310;C:\Users\User\AppData\Local\JetBrains\Toolbox\scripts;C:\Users\User\AppData\Local\GitHubDesktop\bin;C:\Program Files\heroku\bin;C:\Users\User\AppData\Local\Programs\oh-my-posh\bin;C:\Program Files\JetBrains\Aqua 223.7401.15\bin;C:\Program Files\Git\bin;C:\ssl\openssl-3\x64\bin;C:\Users\User\AppData\Local\Programs\MiKTeX\miktex\bin\x64\;C:\Users\User\AppData\Roaming\npm;C:\Program Files\PostgreSQL\15\bin;C:\Users\User\AppData\Local\Microsoft\WindowsApps;C:\MinGW\bin;C:\Users\User\go\bin;C:\Users\User\Downloads\sqlc_1.17.0_windows
USERNAME=User
OS=Windows_NT
PROCESSOR_IDENTIFIER=Intel64 Family 6 Model 140 Stepping 1, GenuineIntel
TMP=C:\Users\User\AppData\Local\Temp
TEMP=C:\Users\User\AppData\Local\Temp



Periodic native trim disabled

JNI global refs:
JNI global refs: 24, weak refs: 0

JNI global refs memory usage: 843, weak refs: 209

OOME stack traces (most recent first):
Classloader memory used:
Loader org.gradle.internal.classloader.VisitableURLClassLoader                         : 2444K
Loader bootstrap                                                                       : 2295K
Loader org.gradle.initialization.MixInLegacyTypesClassLoader                           : 452K
Loader jdk.internal.loader.ClassLoaders$PlatformClassLoader                            : 65720B
Loader jdk.internal.loader.ClassLoaders$AppClassLoader                                 : 28118B
Loader jdk.internal.reflect.DelegatingClassLoader                                      : 3948B

Classes loaded by more than one classloader:
Class org.gradle.internal.installation.GradleInstallation                             : loaded 2 times (x 73B)
Class org.gradle.internal.classpath.ClassPath                                         : loaded 2 times (x 68B)
Class org.gradle.api.internal.classpath.DefaultModuleRegistry                         : loaded 2 times (x 84B)
Class org.gradle.api.Action                                                           : loaded 2 times (x 68B)
Class org.gradle.api.internal.DefaultClassPathProvider                                : loaded 2 times (x 74B)
Class org.gradle.internal.installation.GradleInstallation$1                           : loaded 2 times (x 73B)
Class org.gradle.internal.classloader.FilteringClassLoader                            : loaded 2 times (x 103B)
Class org.gradle.internal.classpath.DefaultClassPath$ImmutableUniqueList$Builder      : loaded 2 times (x 73B)
Class org.gradle.internal.classloader.ClassLoaderVisitor                              : loaded 2 times (x 74B)
Class org.gradle.internal.service.DefaultServiceLocator                               : loaded 2 times (x 81B)
Class org.gradle.internal.service.UnknownServiceException                             : loaded 2 times (x 81B)
Class org.gradle.internal.classloader.DefaultClassLoaderFactory                       : loaded 2 times (x 80B)
Class org.gradle.internal.classloader.VisitableURLClassLoader$Spec                    : loaded 2 times (x 72B)
Class org.gradle.api.GradleException                                                  : loaded 2 times (x 80B)
Class org.gradle.api.internal.classpath.ModuleRegistry                                : loaded 2 times (x 68B)
Class org.gradle.api.internal.ClassPathProvider                                       : loaded 2 times (x 68B)
Class org.gradle.internal.classloader.ClasspathUtil$1                                 : loaded 2 times (x 74B)
Class org.gradle.internal.classloader.ClassLoaderFactory                              : loaded 2 times (x 68B)
Class org.gradle.api.internal.classpath.ManifestUtil                                  : loaded 2 times (x 69B)
Class org.gradle.api.specs.Spec                                                       : loaded 2 times (x 68B)
Class org.gradle.internal.IoActions                                                   : loaded 2 times (x 69B)
Class org.gradle.api.internal.classpath.EffectiveClassPath                            : loaded 2 times (x 88B)
Class org.gradle.internal.installation.CurrentGradleInstallation                      : loaded 2 times (x 71B)
Class org.gradle.internal.agents.InstrumentingClassLoader                             : loaded 2 times (x 68B)
Class org.gradle.internal.installation.CurrentGradleInstallationLocator               : loaded 2 times (x 69B)
Class org.gradle.api.internal.classpath.Module                                        : loaded 2 times (x 68B)
Class org.gradle.internal.service.CachingServiceLocator                               : loaded 2 times (x 80B)
Class org.gradle.internal.classpath.DefaultClassPath                                  : loaded 2 times (x 88B)
Class org.gradle.internal.classloader.SystemClassLoaderSpec                           : loaded 2 times (x 69B)
Class org.gradle.api.UncheckedIOException                                             : loaded 2 times (x 80B)
Class org.gradle.internal.classloader.ClasspathUtil                                   : loaded 2 times (x 69B)
Class org.gradle.api.internal.DefaultClassPathRegistry                                : loaded 2 times (x 74B)
Class org.gradle.api.internal.classpath.DefaultModuleRegistry$DefaultModule           : loaded 2 times (x 84B)
Class org.gradle.api.internal.classpath.UnknownModuleException                        : loaded 2 times (x 80B)
Class org.gradle.internal.service.ServiceLookupException                              : loaded 2 times (x 80B)
Class org.gradle.cache.GlobalCache                                                    : loaded 2 times (x 68B)
Class [Lorg.gradle.api.internal.ClassPathProvider;                                    : loaded 2 times (x 67B)
Class org.gradle.util.internal.GUtil                                                  : loaded 2 times (x 69B)
Class org.gradle.internal.classloader.ClassLoaderSpec                                 : loaded 2 times (x 69B)
Class org.gradle.internal.classloader.VisitableURLClassLoader                         : loaded 2 times (x 115B)
Class org.gradle.internal.Cast                                                        : loaded 2 times (x 69B)
Class org.gradle.api.internal.ClassPathRegistry                                       : loaded 2 times (x 68B)
Class org.gradle.internal.classloader.VisitableURLClassLoader$InstrumentingVisitableURLClassLoader: loaded 2 times (x 121B)
Class org.gradle.internal.classloader.ClassLoaderHierarchy                            : loaded 2 times (x 68B)
Class org.gradle.internal.InternalTransformer                                         : loaded 2 times (x 68B)
Class org.gradle.internal.service.ServiceLocator                                      : loaded 2 times (x 68B)
Class org.gradle.internal.classpath.DefaultClassPath$ImmutableUniqueList              : loaded 2 times (x 159B)
Class org.gradle.internal.classpath.TransformedClassPath                              : loaded 2 times (x 94B)


---------------  S Y S T E M  ---------------

OS:
 Windows 11 , 64 bit Build 22621 (10.0.22621.4435)
OS uptime: 4 days 1:05 hours
Hyper-V role detected

CPU: total 8 (initial active 8) (4 cores per cpu, 2 threads per core) family 6 model 140 stepping 1 microcode 0x9a, cx8, cmov, fxsr, ht, mmx, 3dnowpref, sse, sse2, sse3, ssse3, sse4.1, sse4.2, popcnt, lzcnt, tsc, tscinvbit, avx, avx2, aes, erms, clmul, bmi1, bmi2, adx, avx512f, avx512dq, avx512cd, avx512bw, avx512vl, sha, fma, vzeroupper, avx512_vpopcntdq, avx512_vpclmulqdq, avx512_vaes, avx512_vnni, clflush, clflushopt, clwb, avx512_vbmi2, avx512_vbmi, hv
Processor Information for all 8 processors :
  Max Mhz: 2803, Current Mhz: 2803, Mhz Limit: 2803

Memory: 4k page, system-wide physical 16167M (349M free)
TotalPageFile size 32167M (AvailPageFile size 11M)
current process WorkingSet (physical memory assigned to process): 217M, peak: 222M
current process commit charge ("private bytes"): 254M, peak: 400M

vm_info: OpenJDK 64-Bit Server VM (17.0.9+0--11185874) for windows-amd64 JRE (17.0.9+0--11185874), built on Dec  6 2023 18:57:44 by "androidbuild" with MS VC++ 16.10 / 16.11 (VS2019)

END.
