#
# There is insufficient memory for the Java Runtime Environment to continue.
# Native memory allocation (mmap) failed to map 266338304 bytes. Error detail: G1 virtual space
# Possible reasons:
#   The system is out of physical RAM or swap space
#   This process is running with CompressedOops enabled, and the Java Heap may be blocking the growth of the native heap
# Possible solutions:
#   Reduce memory load on the system
#   Increase physical memory or swap space
#   Check if swap backing store is full
#   Decrease Java heap size (-Xmx/-Xms)
#   Decrease number of Java threads
#   Decrease Java thread stack sizes (-Xss)
#   Set larger code cache with -XX:ReservedCodeCacheSize=
#   JVM is running with Zero Based Compressed Oops mode in which the Java heap is
#     placed in the first 32GB address space. The Java Heap base address is the
#     maximum limit for the native heap growth. Please use -XX:HeapBaseMinAddress
#     to set the Java Heap base and to place the Java Heap above 32GB virtual address.
# This output file may be truncated or incomplete.
#
#  Out of Memory Error (os_windows.cpp:3815), pid=27664, tid=16504
#
# JRE version:  (21.0.3) (build )
# Java VM: OpenJDK 64-Bit Server VM (21.0.3+-12282718-b509.11, mixed mode, sharing, tiered, compressed oops, compressed class ptrs, g1 gc, windows-amd64)
# No core dump will be written. Minidumps are not enabled by default on client versions of Windows
#

---------------  S U M M A R Y ------------

Command Line: org.jetbrains.kotlin.cli.jvm.K2JVMCompiler @D:\skripsi\Frontend-SRLQS\app\build\20241107_11308832636218061755.compiler.options

Host: 11th Gen Intel(R) Core(TM) i7-1165G7 @ 2.80GHz, 8 cores, 15G,  Windows 11 , 64 bit Build 22621 (10.0.22621.4435)
Time: Thu Nov  7 15:11:46 2024 SE Asia Standard Time elapsed time: 0.015180 seconds (0d 0h 0m 0s)

---------------  T H R E A D  ---------------

Current thread (0x000001a618c69490):  JavaThread "Unknown thread" [_thread_in_vm, id=16504, stack(0x0000005284f00000,0x0000005285000000) (1024K)]

Stack: [0x0000005284f00000,0x0000005285000000]
Native frames: (J=compiled Java code, j=interpreted, Vv=VM code, C=native code)
V  [jvm.dll+0x6cafb9]
V  [jvm.dll+0x858523]
V  [jvm.dll+0x85aa7e]
V  [jvm.dll+0x85b163]
V  [jvm.dll+0x27d356]
V  [jvm.dll+0x6c7865]
V  [jvm.dll+0x6bbd3a]
V  [jvm.dll+0x35199b]
V  [jvm.dll+0x3595d6]
V  [jvm.dll+0x3aa826]
V  [jvm.dll+0x3aaaf8]
V  [jvm.dll+0x3240bc]
V  [jvm.dll+0x324dab]
V  [jvm.dll+0x81fd89]
V  [jvm.dll+0x3b7c08]
V  [jvm.dll+0x80921d]
V  [jvm.dll+0x44c05e]
V  [jvm.dll+0x44d6b1]
C  [jli.dll+0x52ab]
C  [ucrtbase.dll+0x29333]
C  [KERNEL32.DLL+0x1259d]
C  [ntdll.dll+0x5af38]


---------------  P R O C E S S  ---------------

Threads class SMR info:
_java_thread_list=0x00007ffbbc5157c8, length=0, elements={
}

Java Threads: ( => current thread )
Total: 0

Other Threads:
  0x000001a61afb20a0 WorkerThread "GC Thread#0"                     [id=10260, stack(0x0000005285000000,0x0000005285100000) (1024K)]
  0x000001a61afc2e80 ConcurrentGCThread "G1 Main Marker"            [id=2724, stack(0x0000005285100000,0x0000005285200000) (1024K)]
  0x000001a61afc8550 WorkerThread "G1 Conc#0"                       [id=18764, stack(0x0000005285200000,0x0000005285300000) (1024K)]

[error occurred during error reporting (printing all threads), id 0xc0000005, EXCEPTION_ACCESS_VIOLATION (0xc0000005) at pc=0x00007ffbbbd17197]
VM state: not at safepoint (not fully initialized)

VM Mutex/Monitor currently owned by a thread:  ([mutex/lock_event])
[0x00007ffbbc5821c8] Heap_lock - owner thread: 0x000001a618c69490

Heap address: 0x0000000703600000, size: 4042 MB, Compressed Oops mode: Zero based, Oop shift amount: 3

CDS archive(s) mapped at: [0x0000000000000000-0x0000000000000000-0x0000000000000000), size 0, SharedBaseAddress: 0x0000000800000000, ArchiveRelocationMode: 1.
Narrow klass base: 0x0000000000000000, Narrow klass shift: 0, Narrow klass range: 0x0

GC Precious Log:
 CardTable entry size: 512
 Card Set container configuration: InlinePtr #cards 4 size 8 Array Of Cards #cards 16 size 48 Howl #buckets 8 coarsen threshold 3686 Howl Bitmap #cards 512 size 80 coarsen threshold 460 Card regions per heap region 1 cards per card region 4096

Heap:
 garbage-first heap   total 0K, used 0K [0x0000000703600000, 0x0000000800000000)
  region size 2048K, 0 young (0K), 0 survivors (0K)
 Metaspace       used 0K, committed 0K, reserved 0K
  class space    used 0K, committed 0K, reserved 0K

Heap Regions: E=young(eden), S=young(survivor), O=old, HS=humongous(starts), HC=humongous(continues), CS=collection set, F=free, TAMS=top-at-mark-start, PB=parsable bottom

Card table byte_map: [0x000001a62dbb0000,0x000001a62e3a0000] _byte_map_base: 0x000001a62a395000

Marking Bits: (CMBitMap*) 0x000001a61afb27a0
 Bits: [0x000001a62e3a0000, 0x000001a6322c8000)

GC Heap History (0 events):
No events

Dll operation events (1 events):
Event: 0.009 Loaded shared library C:\Program Files\Android\Android Studio\jbr\bin\java.dll

Deoptimization events (0 events):
No events

Classes loaded (0 events):
No events

Classes unloaded (0 events):
No events

Classes redefined (0 events):
No events

Internal exceptions (0 events):
No events

ZGC Phase Switch (0 events):
No events

VM Operations (0 events):
No events

Events (0 events):
No events


Dynamic libraries:
0x00007ff681fc0000 - 0x00007ff681fca000 	C:\Program Files\Android\Android Studio\jbr\bin\java.exe
0x00007ffc98a90000 - 0x00007ffc98ca7000 	C:\WINDOWS\SYSTEM32\ntdll.dll
0x00007ffc967b0000 - 0x00007ffc96874000 	C:\WINDOWS\System32\KERNEL32.DLL
0x00007ffc96080000 - 0x00007ffc9643a000 	C:\WINDOWS\System32\KERNELBASE.dll
0x00007ffc96470000 - 0x00007ffc96581000 	C:\WINDOWS\System32\ucrtbase.dll
0x00007ffc47560000 - 0x00007ffc4757b000 	C:\Program Files\Android\Android Studio\jbr\bin\VCRUNTIME140.dll
0x00007ffc64f10000 - 0x00007ffc64f28000 	C:\Program Files\Android\Android Studio\jbr\bin\jli.dll
0x00007ffc96bd0000 - 0x00007ffc96d7f000 	C:\WINDOWS\System32\USER32.dll
0x00007ffc656d0000 - 0x00007ffc65962000 	C:\WINDOWS\WinSxS\amd64_microsoft.windows.common-controls_6595b64144ccf1df_6.0.22621.4435_none_270f767f73860d61\COMCTL32.dll
0x00007ffc96770000 - 0x00007ffc96796000 	C:\WINDOWS\System32\win32u.dll
0x00007ffc97110000 - 0x00007ffc97139000 	C:\WINDOWS\System32\GDI32.dll
0x00007ffc96650000 - 0x00007ffc9676b000 	C:\WINDOWS\System32\gdi32full.dll
0x00007ffc95fe0000 - 0x00007ffc9607a000 	C:\WINDOWS\System32\msvcp_win.dll
0x00007ffc96d80000 - 0x00007ffc96e27000 	C:\WINDOWS\System32\msvcrt.dll
0x00007ffc98990000 - 0x00007ffc989c1000 	C:\WINDOWS\System32\IMM32.DLL
0x00007ffc5f980000 - 0x00007ffc5fa6b000 	C:\Program Files\Windhawk\Engine\1.5.1\64\windhawk.dll
0x00007ffc97ad0000 - 0x00007ffc97b82000 	C:\WINDOWS\System32\ADVAPI32.dll
0x00007ffc97a00000 - 0x00007ffc97aa7000 	C:\WINDOWS\System32\sechost.dll
0x00007ffc96440000 - 0x00007ffc96468000 	C:\WINDOWS\System32\bcrypt.dll
0x00007ffc97800000 - 0x00007ffc97914000 	C:\WINDOWS\System32\RPCRT4.dll
0x00007ffc88b60000 - 0x00007ffc88c96000 	C:\WINDOWS\SYSTEM32\WINHTTP.dll
0x00007ffc58170000 - 0x00007ffc5817c000 	C:\Program Files\Android\Android Studio\jbr\bin\vcruntime140_1.dll
0x00007ffc49480000 - 0x00007ffc4950d000 	C:\Program Files\Android\Android Studio\jbr\bin\msvcp140.dll
0x00007ffbbb9e0000 - 0x00007ffbbc65d000 	C:\Program Files\Android\Android Studio\jbr\bin\server\jvm.dll
0x00007ffc97920000 - 0x00007ffc97991000 	C:\WINDOWS\System32\WS2_32.dll
0x00007ffc94bd0000 - 0x00007ffc94c1d000 	C:\WINDOWS\SYSTEM32\POWRPROF.dll
0x00007ffc8ce80000 - 0x00007ffc8ceb4000 	C:\WINDOWS\SYSTEM32\WINMM.dll
0x00007ffc88150000 - 0x00007ffc8815a000 	C:\WINDOWS\SYSTEM32\VERSION.dll
0x00007ffc94bb0000 - 0x00007ffc94bc3000 	C:\WINDOWS\SYSTEM32\UMPDC.dll
0x00007ffc94e80000 - 0x00007ffc94e98000 	C:\WINDOWS\SYSTEM32\kernel.appcore.dll
0x00007ffc580f0000 - 0x00007ffc580fa000 	C:\Program Files\Android\Android Studio\jbr\bin\jimage.dll
0x00007ffc90c20000 - 0x00007ffc90e52000 	C:\WINDOWS\SYSTEM32\DBGHELP.DLL
0x00007ffc97450000 - 0x00007ffc977df000 	C:\WINDOWS\System32\combase.dll
0x00007ffc97360000 - 0x00007ffc97437000 	C:\WINDOWS\System32\OLEAUT32.dll
0x00007ffc90870000 - 0x00007ffc908a2000 	C:\WINDOWS\SYSTEM32\dbgcore.DLL
0x00007ffc95ee0000 - 0x00007ffc95f5b000 	C:\WINDOWS\System32\bcryptPrimitives.dll
0x00007ffc45b80000 - 0x00007ffc45b9f000 	C:\Program Files\Android\Android Studio\jbr\bin\java.dll

dbghelp: loaded successfully - version: 4.0.5 - missing functions: none
symbol engine: initialized successfully - sym options: 0x614 - pdb path: .;C:\Program Files\Android\Android Studio\jbr\bin;C:\WINDOWS\SYSTEM32;C:\WINDOWS\WinSxS\amd64_microsoft.windows.common-controls_6595b64144ccf1df_6.0.22621.4435_none_270f767f73860d61;C:\Program Files\Windhawk\Engine\1.5.1\64;C:\Program Files\Android\Android Studio\jbr\bin\server

VM Arguments:
java_command: org.jetbrains.kotlin.cli.jvm.K2JVMCompiler @D:\skripsi\Frontend-SRLQS\app\build\20241107_11308832636218061755.compiler.options
java_class_path (initial): C:\Users\User\.gradle\caches\modules-2\files-2.1\org.jetbrains.kotlin\kotlin-compiler-embeddable\1.9.0\2c8c3a7402becca891f12739b3e9fd2dc2adbd7a\kotlin-compiler-embeddable-1.9.0.jar;C:\Users\User\.gradle\caches\modules-2\files-2.1\org.jetbrains.kotlin\kotlin-stdlib\1.9.0\8ee15ef0c67dc83d874f412d84378d7f0eb50b63\kotlin-stdlib-1.9.0.jar;C:\Users\User\.gradle\caches\modules-2\files-2.1\org.jetbrains.kotlin\kotlin-script-runtime\1.9.0\4b3102cbbb7e1b58d9d1adf89563f00069ffa7d1\kotlin-script-runtime-1.9.0.jar;C:\Users\User\.gradle\caches\modules-2\files-2.1\org.jetbrains.kotlin\kotlin-reflect\1.6.10\1cbe9c92c12a94eea200d23c2bbaedaf3daf5132\kotlin-reflect-1.6.10.jar;C:\Users\User\.gradle\caches\modules-2\files-2.1\org.jetbrains.kotlin\kotlin-daemon-embeddable\1.9.0\186543f5e28cf8d9a0290fecc2cf34301c40a65c\kotlin-daemon-embeddable-1.9.0.jar;C:\Users\User\.gradle\caches\modules-2\files-2.1\org.jetbrains.intellij.deps\trove4j\1.0.20200330\3afb14d5f9ceb459d724e907a21145e8ff394f02\trove4j-1.0.20200330.jar;C:\Users\User\.gradle\caches\modules-2\files-2.1\org.jetbrains.kotlin\kotlin-stdlib-common\1.9.0\cd65c21cfd1eec4d44ef09f9f52b6d9f8a720636\kotlin-stdlib-common-1.9.0.jar;C:\Users\User\.gradle\caches\modules-2\files-2.1\org.jetbrains\annotations\13.0\919f0dfe192fb4e063e7dacadee7f8bb9a2672a9\annotations-13.0.jar
Launcher Type: SUN_STANDARD

[Global flags]
     intx CICompilerCount                          = 4                                         {product} {ergonomic}
     uint ConcGCThreads                            = 2                                         {product} {ergonomic}
     uint G1ConcRefinementThreads                  = 8                                         {product} {ergonomic}
   size_t G1HeapRegionSize                         = 2097152                                   {product} {ergonomic}
    uintx GCDrainStackTargetSize                   = 64                                        {product} {ergonomic}
   size_t InitialHeapSize                          = 266338304                                 {product} {ergonomic}
   size_t MarkStackSize                            = 4194304                                   {product} {ergonomic}
   size_t MaxHeapSize                              = 4238344192                                {product} {ergonomic}
   size_t MinHeapDeltaBytes                        = 2097152                                   {product} {ergonomic}
   size_t MinHeapSize                              = 8388608                                   {product} {ergonomic}
    uintx NonNMethodCodeHeapSize                   = 5839372                                {pd product} {ergonomic}
    uintx NonProfiledCodeHeapSize                  = 122909434                              {pd product} {ergonomic}
    uintx ProfiledCodeHeapSize                     = 122909434                              {pd product} {ergonomic}
    uintx ReservedCodeCacheSize                    = 251658240                              {pd product} {ergonomic}
     bool SegmentedCodeCache                       = true                                      {product} {ergonomic}
   size_t SoftMaxHeapSize                          = 4238344192                             {manageable} {ergonomic}
     bool UseCompressedOops                        = true                           {product lp64_product} {ergonomic}
     bool UseG1GC                                  = true                                      {product} {ergonomic}
     bool UseLargePagesIndividualAllocation        = false                                  {pd product} {ergonomic}

Logging:
Log output configuration:
 #0: stdout all=warning uptime,level,tags foldmultilines=false
 #1: stderr all=off uptime,level,tags foldmultilines=false

Environment Variables:
JAVA_HOME=C:\Program Files\Zulu\zulu-17\
PATH=C:\Program Files\Zulu\zulu-17\bin\;C:\Program Files\Zulu\zulu-21\bin\;C:\Program Files\Common Files\Oracle\Java\javapath;C:\Windows\system32;C:\Windows;C:\Windows\System32\Wbem;C:\Windows\System32\WindowsPowerShell\v1.0\;C:\Windows\System32\OpenSSH\;C:\Program Files (x86)\NVIDIA Corporation\PhysX\Common;C:\Program Files\NVIDIA Corporation\NVIDIA NvDLISR;C:\WINDOWS\system32;C:\WINDOWS;C:\WINDOWS\System32\Wbem;C:\WINDOWS\System32\WindowsPowerShell\v1.0\;C:\WINDOWS\System32\OpenSSH\;C:\Windows\System32\cmd.exe;C:\MinGW\bin;C:\src\flutter\bin;C:\Program Files\dotnet\;C:\Program Files\Odoo 16.0.20230226\Ghostscript\bin;C:\Program Files\PuTTY\;C:\ProgramData\chocolatey\bin;C:\Program Files\Git\cmd;C:\Program Files\Cloudflare\Cloudflare WARP\;C:\gradle-8.6\bin;C:\Users\User\AppData\Roaming\nvm;C:\Program Files\nodejs;C:\Program Files\starship\bin\;C:\Program Files\Go\bin;C:\Program Files\Docker\Docker\resources\bin;C:\Program Files (x86)\Windows Kits\10\Windows Performance Toolkit\;C:\Users\User\.cargo\bin;C:\Users\User\miniconda3;C:\Users\User\miniconda3\Library\mingw-w64\bin;C:\Users\User\miniconda3\Library\usr\bin;C:\Users\User\miniconda3\Library\bin;C:\Users\User\miniconda3\Scripts;C:\Users\User\scoop\shims;C:\Users\User\AppData\Local\Programs\Python\Python310\Scripts\;C:\Users\User\AppData\Local\Programs\Python\Python310\;C:\Users\User\AppData\Local\Microsoft\WindowsApps;C:\Users\User\AppData\Local\Programs\Microsoft VS Code\bin;C:\Python310;C:\Users\User\AppData\Local\JetBrains\Toolbox\scripts;C:\Users\User\AppData\Local\GitHubDesktop\bin;C:\Program Files\heroku\bin;C:\Users\User\AppData\Local\Programs\oh-my-posh\bin;C:\Program Files\JetBrains\Aqua 223.7401.15\bin;C:\Program Files\Git\bin;C:\ssl\openssl-3\x64\bin;C:\Users\User\AppData\Local\Programs\MiKTeX\miktex\bin\x64\;C:\Users\User\AppData\Roaming\npm;C:\Program Files\PostgreSQL\15\bin;C:\Users\User\AppData\Local\Microsoft\WindowsApps;C:\MinGW\bin;C:\Users\User\go\bin;C:\Users\User\Downloads\sqlc_1.17.0_windows_amd64;C:\ngrok;c:\users\user\.local\bin;C:\Program Files\Java\jdk-17\binxxx;C:\gradle-8.6\bin;C:\kotlinc\bin;C:\Users\User\AppData\Roaming\nvm;C:\Program Files\nodejs;C:\Users\User\AppData\Local\Microsoft\WinGet\Links;C:\Users\User\go\bin
USERNAME=User
OS=Windows_NT
PROCESSOR_IDENTIFIER=Intel64 Family 6 Model 140 Stepping 1, GenuineIntel
TMP=C:\Users\User\AppData\Local\Temp
TEMP=C:\Users\User\AppData\Local\Temp




Periodic native trim disabled

JNI global refs:
JNI global refs: 0, weak refs: 0

JNI global refs memory usage: 0, weak refs: 0

Process memory usage:
Resident Set Size: 12284K (0% of 16555320K total physical memory with 689588K free physical memory)

OOME stack traces (most recent first):
Classloader memory used:

---------------  S Y S T E M  ---------------

OS:
 Windows 11 , 64 bit Build 22621 (10.0.22621.4435)
OS uptime: 1 days 4:14 hours
Hyper-V role detected

CPU: total 8 (initial active 8) (4 cores per cpu, 2 threads per core) family 6 model 140 stepping 1 microcode 0x9a, cx8, cmov, fxsr, ht, mmx, 3dnowpref, sse, sse2, sse3, ssse3, sse4.1, sse4.2, popcnt, lzcnt, tsc, tscinvbit, avx, avx2, aes, erms, clmul, bmi1, bmi2, adx, avx512f, avx512dq, avx512cd, avx512bw, avx512vl, sha, fma, vzeroupper, avx512_vpopcntdq, avx512_vpclmulqdq, avx512_vaes, avx512_vnni, clflush, clflushopt, clwb, avx512_vbmi2, avx512_vbmi, hv, rdtscp, rdpid, fsrm, gfni, avx512_bitalg, f16c, cet_ibt, cet_ss, avx512_ifma
Processor Information for all 8 processors :
  Max Mhz: 2803, Current Mhz: 2803, Mhz Limit: 2803

Memory: 4k page, system-wide physical 16167M (673M free)
TotalPageFile size 32128M (AvailPageFile size 53M)
current process WorkingSet (physical memory assigned to process): 12M, peak: 12M
current process commit charge ("private bytes"): 60M, peak: 314M

vm_info: OpenJDK 64-Bit Server VM (21.0.3+-12282718-b509.11) for windows-amd64 JRE (21.0.3+-12282718-b509.11), built on 2024-08-27T17:34:15Z by "builder" with MS VC++ 16.10 / 16.11 (VS2019)

END.
